[  3640.620] 
X.Org X Server 1.21.1.16
X Protocol Version 11, Revision 0
[  3640.621] Current Operating System: Linux mahd-server 6.14.7-arch2-1 #1 SMP PREEMPT_DYNAMIC Thu, 22 May 2025 05:37:49 +0000 x86_64
[  3640.621] Kernel command line: BOOT_IMAGE=/@/boot/vmlinuz-linux root=UUID=04719760-479b-4d0b-a982-7ce152e60d1b rw rootflags=subvol=@ nowatchdog nvme_load=YES loglevel=3
[  3640.621]  
[  3640.621] Current version of pixman: 0.46.0
[  3640.621] 	Before reporting problems, check http://wiki.x.org
	to make sure that you have the latest version.
[  3640.621] Markers: (--) probed, (**) from config file, (==) default setting,
	(++) from command line, (!!) notice, (II) informational,
	(WW) warning, (EE) error, (NI) not implemented, (??) unknown.
[  3640.621] (==) Log file: "/home/mahd/.local/share/xorg/Xorg.0.log", Time: Tue May 27 11:32:00 2025
[  3640.621] (==) Using config directory: "/etc/X11/xorg.conf.d"
[  3640.621] (==) Using system config directory "/usr/share/X11/xorg.conf.d"
[  3640.621] (==) No Layout section.  Using the first Screen section.
[  3640.621] (==) No screen section available. Using defaults.
[  3640.621] (**) |-->Screen "Default Screen Section" (0)
[  3640.621] (**) |   |-->Monitor "<default monitor>"
[  3640.621] (==) No monitor specified for screen "Default Screen Section".
	Using a default monitor configuration.
[  3640.621] (**) Allowing byte-swapped clients
[  3640.621] (==) Automatically adding devices
[  3640.621] (==) Automatically enabling devices
[  3640.621] (==) Automatically adding GPU devices
[  3640.621] (==) Automatically binding GPU devices
[  3640.621] (==) Max clients allowed: 256, resource mask: 0x1fffff
[  3640.621] (WW) The directory "/usr/share/fonts/misc" does not exist.
[  3640.621] 	Entry deleted from font path.
[  3640.621] (WW) `fonts.dir' not found (or not valid) in "/usr/share/fonts/TTF".
[  3640.621] 	Entry deleted from font path.
[  3640.621] 	(Run 'mkfontdir' on "/usr/share/fonts/TTF").
[  3640.621] (WW) `fonts.dir' not found (or not valid) in "/usr/share/fonts/OTF".
[  3640.621] 	Entry deleted from font path.
[  3640.621] 	(Run 'mkfontdir' on "/usr/share/fonts/OTF").
[  3640.621] (WW) The directory "/usr/share/fonts/Type1" does not exist.
[  3640.621] 	Entry deleted from font path.
[  3640.621] (WW) The directory "/usr/share/fonts/100dpi" does not exist.
[  3640.621] 	Entry deleted from font path.
[  3640.621] (WW) The directory "/usr/share/fonts/75dpi" does not exist.
[  3640.621] 	Entry deleted from font path.
[  3640.621] (==) FontPath set to:
	
[  3640.621] (==) ModulePath set to "/usr/lib/xorg/modules"
[  3640.621] (II) The server relies on udev to provide the list of input devices.
	If no devices become available, reconfigure udev or disable AutoAddDevices.
[  3640.621] (II) Module ABI versions:
[  3640.621] 	X.Org ANSI C Emulation: 0.4
[  3640.621] 	X.Org Video Driver: 25.2
[  3640.621] 	X.Org XInput driver : 24.4
[  3640.621] 	X.Org Server Extension : 10.0
[  3640.622] (++) using VT number 2

[  3640.622] (--) controlling tty is VT number 2, auto-enabling KeepTty
[  3640.623] (II) systemd-logind: took control of session /org/freedesktop/login1/session/_39
[  3640.624] (II) xfree86: Adding drm device (/dev/dri/card0)
[  3640.624] (II) Platform probe for /sys/devices/pci0000:00/0000:00:01.0/0000:01:00.0/drm/card0
[  3640.624] (II) systemd-logind: got fd for /dev/dri/card0 226:0 fd 16 paused 0
[  3640.626] (--) PCI:*(1@0:0:0) 10de:1d01:19da:2476 rev 161, Mem @ 0xf6000000/16777216, 0xe0000000/268435456, 0xf0000000/33554432, I/O @ 0x0000e000/128, BIOS @ 0x????????/131072
[  3640.626] (WW) Open ACPI failed (/var/run/acpid.socket) (No such file or directory)
[  3640.626] (II) LoadModule: "glx"
[  3640.626] (II) Loading /usr/lib/xorg/modules/extensions/libglx.so
[  3640.628] (II) Module glx: vendor="X.Org Foundation"
[  3640.628] 	compiled for 1.21.1.16, module version = 1.0.0
[  3640.628] 	ABI class: X.Org Server Extension, version 10.0
[  3640.628] (==) Matched nouveau as autoconfigured driver 0
[  3640.628] (==) Matched nv as autoconfigured driver 1
[  3640.628] (==) Matched modesetting as autoconfigured driver 2
[  3640.628] (==) Matched fbdev as autoconfigured driver 3
[  3640.628] (==) Matched vesa as autoconfigured driver 4
[  3640.628] (==) Assigned the driver to the xf86ConfigLayout
[  3640.628] (II) LoadModule: "nouveau"
[  3640.628] (WW) Warning, couldn't open module nouveau
[  3640.628] (EE) Failed to load module "nouveau" (module does not exist, 0)
[  3640.628] (II) LoadModule: "nv"
[  3640.628] (WW) Warning, couldn't open module nv
[  3640.628] (EE) Failed to load module "nv" (module does not exist, 0)
[  3640.628] (II) LoadModule: "modesetting"
[  3640.628] (II) Loading /usr/lib/xorg/modules/drivers/modesetting_drv.so
[  3640.628] (II) Module modesetting: vendor="X.Org Foundation"
[  3640.628] 	compiled for 1.21.1.16, module version = 1.21.1
[  3640.628] 	Module class: X.Org Video Driver
[  3640.628] 	ABI class: X.Org Video Driver, version 25.2
[  3640.628] (II) LoadModule: "fbdev"
[  3640.628] (WW) Warning, couldn't open module fbdev
[  3640.628] (EE) Failed to load module "fbdev" (module does not exist, 0)
[  3640.628] (II) LoadModule: "vesa"
[  3640.628] (WW) Warning, couldn't open module vesa
[  3640.628] (EE) Failed to load module "vesa" (module does not exist, 0)
[  3640.628] (II) modesetting: Driver for Modesetting Kernel Drivers: kms
[  3640.628] (II) modeset(0): using drv /dev/dri/card0
[  3640.628] (WW) VGA arbiter: cannot open kernel arbiter, no multi-card support
[  3640.629] (II) modeset(0): Creating default Display subsection in Screen section
	"Default Screen Section" for depth/fbbpp 24/32
[  3640.629] (==) modeset(0): Depth 24, (==) framebuffer bpp 32
[  3640.629] (==) modeset(0): RGB weight 888
[  3640.629] (==) modeset(0): Default visual is TrueColor
[  3640.629] (II) Loading sub module "glamoregl"
[  3640.629] (II) LoadModule: "glamoregl"
[  3640.629] (II) Loading /usr/lib/xorg/modules/libglamoregl.so
[  3640.631] (II) Module glamoregl: vendor="X.Org Foundation"
[  3640.631] 	compiled for 1.21.1.16, module version = 1.0.1
[  3640.631] 	ABI class: X.Org ANSI C Emulation, version 0.4
[  3640.714] (II) modeset(0): glamor X acceleration enabled on NV138
[  3640.714] (II) modeset(0): glamor initialized
[  3640.714] (==) modeset(0): VariableRefresh: disabled
[  3640.714] (==) modeset(0): AsyncFlipSecondaries: disabled
[  3640.714] (II) modeset(0): Output DVI-D-1 has no monitor section
[  3640.785] (II) modeset(0): Output HDMI-1 has no monitor section
[  3640.785] (II) modeset(0): EDID for output DVI-D-1
[  3640.855] (II) modeset(0): EDID for output HDMI-1
[  3640.855] (II) modeset(0): Manufacturer: SAM  Model: 564  Serial#: 1297690937
[  3640.855] (II) modeset(0): Year: 2009  Week: 34
[  3640.855] (II) modeset(0): EDID Version: 1.3
[  3640.855] (II) modeset(0): Digital Display Input
[  3640.855] (II) modeset(0): Max Image Size [cm]: horiz.: 41  vert.: 23
[  3640.855] (II) modeset(0): Gamma: 2.20
[  3640.855] (II) modeset(0): DPMS capabilities: Off
[  3640.855] (II) modeset(0): Supported color encodings: RGB 4:4:4 YCrCb 4:4:4 
[  3640.855] (II) modeset(0): First detailed timing is preferred mode
[  3640.855] (II) modeset(0): redX: 0.646 redY: 0.334   greenX: 0.284 greenY: 0.602
[  3640.855] (II) modeset(0): blueX: 0.152 blueY: 0.076   whiteX: 0.312 whiteY: 0.329
[  3640.855] (II) modeset(0): Supported established timings:
[  3640.855] (II) modeset(0): 720x400@70Hz
[  3640.855] (II) modeset(0): 640x480@60Hz
[  3640.855] (II) modeset(0): 640x480@67Hz
[  3640.855] (II) modeset(0): 640x480@72Hz
[  3640.855] (II) modeset(0): 640x480@75Hz
[  3640.855] (II) modeset(0): 800x600@56Hz
[  3640.855] (II) modeset(0): 800x600@60Hz
[  3640.855] (II) modeset(0): 800x600@72Hz
[  3640.855] (II) modeset(0): 800x600@75Hz
[  3640.855] (II) modeset(0): 832x624@75Hz
[  3640.855] (II) modeset(0): 1024x768@60Hz
[  3640.855] (II) modeset(0): 1024x768@70Hz
[  3640.855] (II) modeset(0): 1024x768@75Hz
[  3640.855] (II) modeset(0): Manufacturer's mask: 0
[  3640.855] (II) modeset(0): Supported detailed timing:
[  3640.855] (II) modeset(0): clock: 85.5 MHz   Image Size:  410 x 230 mm
[  3640.855] (II) modeset(0): h_active: 1360  h_sync: 1424  h_sync_end 1536 h_blank_end 1792 h_border: 0
[  3640.855] (II) modeset(0): v_active: 768  v_sync: 771  v_sync_end 777 v_blanking: 795 v_border: 0
[  3640.855] (II) modeset(0): Ranges: V min: 56 V max: 75 Hz, H min: 30 H max: 61 kHz, PixClock max 95 MHz
[  3640.855] (II) modeset(0): Monitor name: SyncMaster
[  3640.855] (II) modeset(0): Serial No: HMCS808517
[  3640.855] (II) modeset(0): Supported detailed timing:
[  3640.855] (II) modeset(0): clock: 27.0 MHz   Image Size:  160 x 90 mm
[  3640.855] (II) modeset(0): h_active: 720  h_sync: 736  h_sync_end 798 h_blank_end 858 h_border: 0
[  3640.855] (II) modeset(0): v_active: 480  v_sync: 489  v_sync_end 495 v_blanking: 525 v_border: 0
[  3640.855] (II) modeset(0): Number of EDID sections to follow: 1
[  3640.855] (II) modeset(0): EDID (in hex):
[  3640.855] (II) modeset(0): 	00ffffffffffff004c2d64053931594d
[  3640.855] (II) modeset(0): 	22130103802917782aac21a555489a27
[  3640.855] (II) modeset(0): 	135054bfee0001010101010101010101
[  3640.855] (II) modeset(0): 	010101010101662150b051001b304070
[  3640.855] (II) modeset(0): 	36009ae61000001e000000fd00384b1e
[  3640.855] (II) modeset(0): 	3d09000a202020202020000000fc0053
[  3640.855] (II) modeset(0): 	796e634d61737465720a2020000000ff
[  3640.855] (II) modeset(0): 	00484d43533830383531370a202001cf
[  3640.855] (II) modeset(0): 	02031b71230907078301000067030c00
[  3640.855] (II) modeset(0): 	2000802d43100403e2000f8c0ad08a20
[  3640.855] (II) modeset(0): 	e02d10103e9600a05a00000000000000
[  3640.855] (II) modeset(0): 	00000000000000000000000000000000
[  3640.855] (II) modeset(0): 	00000000000000000000000000000000
[  3640.855] (II) modeset(0): 	00000000000000000000000000000000
[  3640.855] (II) modeset(0): 	00000000000000000000000000000000
[  3640.855] (II) modeset(0): 	00000000000000000000000000000018
[  3640.855] (--) modeset(0): HDMI max TMDS frequency 225000KHz
[  3640.856] (II) modeset(0): Not using default mode "1600x900" (bad mode clock/interlace/doublescan)
[  3640.856] (II) modeset(0): Not using default mode "1920x1080" (bad mode clock/interlace/doublescan)
[  3640.856] (II) modeset(0): Not using default mode "1920x1080" (bad mode clock/interlace/doublescan)
[  3640.856] (II) modeset(0): Printing probed modes for output HDMI-1
[  3640.856] (II) modeset(0): Modeline "1360x768"x60.0   85.50  1360 1424 1536 1792  768 771 777 795 +hsync +vsync (47.7 kHz eP)
[  3640.856] (II) modeset(0): Modeline "1920x1080"x60.0  173.00  1920 2048 2248 2576  1080 1083 1088 1120 -hsync +vsync (67.2 kHz d)
[  3640.856] (II) modeset(0): Modeline "1920x1080"x60.0  148.50  1920 2008 2052 2200  1080 1084 1089 1125 +hsync +vsync (67.5 kHz e)
[  3640.856] (II) modeset(0): Modeline "1920x1080"x59.9  148.35  1920 2008 2052 2200  1080 1084 1089 1125 +hsync +vsync (67.4 kHz e)
[  3640.856] (II) modeset(0): Modeline "1920x1080"x59.9  138.50  1920 1968 2000 2080  1080 1083 1088 1111 +hsync -vsync (66.6 kHz d)
[  3640.856] (II) modeset(0): Modeline "1680x1050"x60.0  146.25  1680 1784 1960 2240  1050 1053 1059 1089 -hsync +vsync (65.3 kHz d)
[  3640.856] (II) modeset(0): Modeline "1680x1050"x59.9  119.00  1680 1728 1760 1840  1050 1053 1059 1080 +hsync -vsync (64.7 kHz d)
[  3640.856] (II) modeset(0): Modeline "1400x1050"x60.0  122.00  1400 1488 1640 1880  1050 1052 1064 1082 +hsync +vsync (64.9 kHz d)
[  3640.856] (II) modeset(0): Modeline "1600x900"x59.9  186.50  1600 1624 1640 1680  900 901 904 926 doublescan +hsync -vsync (111.0 kHz d)
[  3640.856] (II) modeset(0): Modeline "1600x900"x59.9  118.25  1600 1696 1856 2112  900 903 908 934 -hsync +vsync (56.0 kHz d)
[  3640.856] (II) modeset(0): Modeline "1600x900"x59.8   97.50  1600 1648 1680 1760  900 903 908 926 +hsync -vsync (55.4 kHz d)
[  3640.856] (II) modeset(0): Modeline "1280x1024"x75.0  135.00  1280 1296 1440 1688  1024 1025 1028 1066 +hsync +vsync (80.0 kHz d)
[  3640.856] (II) modeset(0): Modeline "1280x1024"x60.0  108.00  1280 1328 1440 1688  1024 1025 1028 1066 +hsync +vsync (64.0 kHz d)
[  3640.856] (II) modeset(0): Modeline "1400x900"x60.0  103.50  1400 1480 1624 1848  900 903 913 934 -hsync +vsync (56.0 kHz d)
[  3640.856] (II) modeset(0): Modeline "1400x900"x59.9   86.50  1400 1448 1480 1560  900 903 913 926 +hsync -vsync (55.4 kHz d)
[  3640.856] (II) modeset(0): Modeline "1280x960"x60.0  108.00  1280 1376 1488 1800  960 961 964 1000 +hsync +vsync (60.0 kHz d)
[  3640.856] (II) modeset(0): Modeline "1440x810"x60.0  198.12  1440 1548 1704 1968  810 811 814 839 doublescan -hsync +vsync (100.7 kHz d)
[  3640.856] (II) modeset(0): Modeline "1440x810"x60.0  151.88  1440 1464 1480 1520  810 811 814 833 doublescan +hsync -vsync (99.9 kHz d)
[  3640.856] (II) modeset(0): Modeline "1368x768"x59.9   85.25  1368 1440 1576 1784  768 771 781 798 -hsync +vsync (47.8 kHz d)
[  3640.856] (II) modeset(0): Modeline "1368x768"x59.9   72.25  1368 1416 1448 1528  768 771 781 790 +hsync -vsync (47.3 kHz d)
[  3640.856] (II) modeset(0): Modeline "1280x800"x60.0  174.25  1280 1380 1516 1752  800 801 804 829 doublescan -hsync +vsync (99.5 kHz d)
[  3640.856] (II) modeset(0): Modeline "1280x800"x60.0  134.25  1280 1304 1320 1360  800 801 804 823 doublescan +hsync -vsync (98.7 kHz d)
[  3640.856] (II) modeset(0): Modeline "1280x800"x59.8   83.50  1280 1352 1480 1680  800 803 809 831 -hsync +vsync (49.7 kHz d)
[  3640.856] (II) modeset(0): Modeline "1280x800"x59.9   71.00  1280 1328 1360 1440  800 803 809 823 +hsync -vsync (49.3 kHz d)
[  3640.856] (II) modeset(0): Modeline "1152x864"x75.0  108.00  1152 1216 1344 1600  864 865 868 900 +hsync +vsync (67.5 kHz d)
[  3640.856] (II) modeset(0): Modeline "1280x720"x60.0  156.12  1280 1376 1512 1744  720 721 724 746 doublescan -hsync +vsync (89.5 kHz d)
[  3640.856] (II) modeset(0): Modeline "1280x720"x60.0  120.75  1280 1304 1320 1360  720 721 724 740 doublescan +hsync -vsync (88.8 kHz d)
[  3640.856] (II) modeset(0): Modeline "1280x720"x59.9   74.50  1280 1344 1472 1664  720 723 728 748 -hsync +vsync (44.8 kHz d)
[  3640.856] (II) modeset(0): Modeline "1280x720"x60.0   74.25  1280 1390 1430 1650  720 725 730 750 +hsync +vsync (45.0 kHz e)
[  3640.856] (II) modeset(0): Modeline "1280x720"x59.9   74.18  1280 1390 1430 1650  720 725 730 750 +hsync +vsync (45.0 kHz e)
[  3640.856] (II) modeset(0): Modeline "1280x720"x59.7   63.75  1280 1328 1360 1440  720 723 728 741 +hsync -vsync (44.3 kHz d)
[  3640.856] (II) modeset(0): Modeline "1024x768"x75.0  170.24  1024 1108 1220 1416  768 768 770 801 doublescan -hsync +vsync (120.2 kHz d)
[  3640.856] (II) modeset(0): Modeline "1024x768"x60.0  133.47  1024 1100 1212 1400  768 768 770 794 doublescan -hsync +vsync (95.3 kHz d)
[  3640.856] (II) modeset(0): Modeline "1024x768"x75.0   78.75  1024 1040 1136 1312  768 769 772 800 +hsync +vsync (60.0 kHz e)
[  3640.856] (II) modeset(0): Modeline "1024x768"x70.1   75.00  1024 1048 1184 1328  768 771 777 806 -hsync -vsync (56.5 kHz e)
[  3640.856] (II) modeset(0): Modeline "1024x768"x60.0   65.00  1024 1048 1184 1344  768 771 777 806 -hsync -vsync (48.4 kHz e)
[  3640.856] (II) modeset(0): Modeline "960x720"x75.0  148.50  960 1032 1144 1320  720 720 722 750 doublescan -hsync +vsync (112.5 kHz d)
[  3640.856] (II) modeset(0): Modeline "960x720"x60.0  117.00  960 1024 1128 1300  720 720 722 750 doublescan -hsync +vsync (90.0 kHz d)
[  3640.856] (II) modeset(0): Modeline "928x696"x75.0  144.00  928 992 1104 1280  696 696 698 750 doublescan -hsync +vsync (112.5 kHz d)
[  3640.856] (II) modeset(0): Modeline "928x696"x60.1  109.15  928 976 1088 1264  696 696 698 719 doublescan -hsync +vsync (86.4 kHz d)
[  3640.856] (II) modeset(0): Modeline "896x672"x75.0  130.50  896 944 1052 1228  672 672 674 708 doublescan -hsync +vsync (106.3 kHz d)
[  3640.856] (II) modeset(0): Modeline "896x672"x60.0  102.40  896 960 1060 1224  672 672 674 697 doublescan -hsync +vsync (83.7 kHz d)
[  3640.856] (II) modeset(0): Modeline "1024x576"x60.0   98.50  1024 1092 1200 1376  576 577 580 597 doublescan -hsync +vsync (71.6 kHz d)
[  3640.856] (II) modeset(0): Modeline "1024x576"x60.0   78.38  1024 1048 1064 1104  576 577 580 592 doublescan +hsync -vsync (71.0 kHz d)
[  3640.856] (II) modeset(0): Modeline "1024x576"x59.9   46.50  1024 1064 1160 1296  576 579 584 599 -hsync +vsync (35.9 kHz d)
[  3640.856] (II) modeset(0): Modeline "1024x576"x59.8   42.00  1024 1072 1104 1184  576 579 584 593 +hsync -vsync (35.5 kHz d)
[  3640.856] (II) modeset(0): Modeline "960x600"x59.9   96.62  960 1028 1128 1296  600 601 604 622 doublescan -hsync +vsync (74.6 kHz d)
[  3640.856] (II) modeset(0): Modeline "960x600"x60.0   77.00  960 984 1000 1040  600 601 604 617 doublescan +hsync -vsync (74.0 kHz d)
[  3640.856] (II) modeset(0): Modeline "832x624"x74.6   57.28  832 864 928 1152  624 625 628 667 -hsync -vsync (49.7 kHz e)
[  3640.856] (II) modeset(0): Modeline "960x540"x60.0   86.50  960 1024 1124 1288  540 541 544 560 doublescan -hsync +vsync (67.2 kHz d)
[  3640.856] (II) modeset(0): Modeline "960x540"x60.0   69.25  960 984 1000 1040  540 541 544 555 doublescan +hsync -vsync (66.6 kHz d)
[  3640.856] (II) modeset(0): Modeline "960x540"x59.6   40.75  960 992 1088 1216  540 543 548 562 -hsync +vsync (33.5 kHz d)
[  3640.856] (II) modeset(0): Modeline "960x540"x59.8   37.25  960 1008 1040 1120  540 543 548 556 +hsync -vsync (33.3 kHz d)
[  3640.856] (II) modeset(0): Modeline "800x600"x75.0  101.25  800 832 928 1080  600 600 602 625 doublescan +hsync +vsync (93.8 kHz d)
[  3640.856] (II) modeset(0): Modeline "800x600"x70.0   94.50  800 832 928 1080  600 600 602 625 doublescan +hsync +vsync (87.5 kHz d)
[  3640.856] (II) modeset(0): Modeline "800x600"x65.0   87.75  800 832 928 1080  600 600 602 625 doublescan +hsync +vsync (81.2 kHz d)
[  3640.856] (II) modeset(0): Modeline "800x600"x60.0   81.00  800 832 928 1080  600 600 602 625 doublescan +hsync +vsync (75.0 kHz d)
[  3640.856] (II) modeset(0): Modeline "800x600"x72.2   50.00  800 856 976 1040  600 637 643 666 +hsync +vsync (48.1 kHz e)
[  3640.856] (II) modeset(0): Modeline "800x600"x75.0   49.50  800 816 896 1056  600 601 604 625 +hsync +vsync (46.9 kHz e)
[  3640.856] (II) modeset(0): Modeline "800x600"x60.3   40.00  800 840 968 1056  600 601 605 628 +hsync +vsync (37.9 kHz e)
[  3640.856] (II) modeset(0): Modeline "800x600"x56.2   36.00  800 824 896 1024  600 601 603 625 +hsync +vsync (35.2 kHz e)
[  3640.856] (II) modeset(0): Modeline "840x525"x60.0   73.12  840 892 980 1120  525 526 529 544 doublescan -hsync +vsync (65.3 kHz d)
[  3640.856] (II) modeset(0): Modeline "840x525"x59.9   59.50  840 864 880 920  525 526 529 540 doublescan +hsync -vsync (64.7 kHz d)
[  3640.856] (II) modeset(0): Modeline "864x486"x59.9   32.50  864 888 968 1072  486 489 494 506 -hsync +vsync (30.3 kHz d)
[  3640.856] (II) modeset(0): Modeline "864x486"x59.6   30.50  864 912 944 1024  486 489 494 500 +hsync -vsync (29.8 kHz d)
[  3640.856] (II) modeset(0): Modeline "700x525"x74.8   77.90  700 732 892 956  525 526 532 545 doublescan +hsync +vsync (81.5 kHz d)
[  3640.856] (II) modeset(0): Modeline "700x525"x60.0   61.00  700 744 820 940  525 526 532 541 doublescan +hsync +vsync (64.9 kHz d)
[  3640.856] (II) modeset(0): Modeline "800x450"x59.9   59.12  800 848 928 1056  450 451 454 467 doublescan -hsync +vsync (56.0 kHz d)
[  3640.856] (II) modeset(0): Modeline "800x450"x59.8   48.75  800 824 840 880  450 451 454 463 doublescan +hsync -vsync (55.4 kHz d)
[  3640.856] (II) modeset(0): Modeline "720x480"x60.0   27.03  720 736 798 858  480 489 495 525 -hsync -vsync (31.5 kHz e)
[  3640.856] (II) modeset(0): Modeline "720x480"x59.9   27.00  720 736 798 858  480 489 495 525 -hsync -vsync (31.5 kHz e)
[  3640.856] (II) modeset(0): Modeline "640x512"x75.0   67.50  640 648 720 844  512 512 514 533 doublescan +hsync +vsync (80.0 kHz d)
[  3640.856] (II) modeset(0): Modeline "640x512"x60.0   54.00  640 664 720 844  512 512 514 533 doublescan +hsync +vsync (64.0 kHz d)
[  3640.856] (II) modeset(0): Modeline "700x450"x60.0   51.75  700 740 812 924  450 451 456 467 doublescan -hsync +vsync (56.0 kHz d)
[  3640.856] (II) modeset(0): Modeline "700x450"x59.9   43.25  700 724 740 780  450 451 456 463 doublescan +hsync -vsync (55.4 kHz d)
[  3640.856] (II) modeset(0): Modeline "640x480"x60.0   54.00  640 688 744 900  480 480 482 500 doublescan +hsync +vsync (60.0 kHz d)
[  3640.856] (II) modeset(0): Modeline "640x480"x75.0   31.50  640 656 720 840  480 481 484 500 -hsync -vsync (37.5 kHz e)
[  3640.856] (II) modeset(0): Modeline "640x480"x72.8   31.50  640 664 704 832  480 489 492 520 -hsync -vsync (37.9 kHz e)
[  3640.856] (II) modeset(0): Modeline "640x480"x75.0   31.50  640 656 720 840  480 481 484 500 -hsync -vsync (37.5 kHz d)
[  3640.856] (II) modeset(0): Modeline "640x480"x66.7   30.24  640 704 768 864  480 483 486 525 -hsync -vsync (35.0 kHz e)
[  3640.856] (II) modeset(0): Modeline "640x480"x60.0   25.20  640 656 752 800  480 490 492 525 -hsync -vsync (31.5 kHz e)
[  3640.856] (II) modeset(0): Modeline "640x480"x59.9   25.18  640 656 752 800  480 490 492 525 -hsync -vsync (31.5 kHz e)
[  3640.856] (II) modeset(0): Modeline "720x405"x59.5   22.50  720 744 808 896  405 408 413 422 -hsync +vsync (25.1 kHz d)
[  3640.856] (II) modeset(0): Modeline "720x405"x59.0   21.75  720 768 800 880  405 408 413 419 +hsync -vsync (24.7 kHz d)
[  3640.856] (II) modeset(0): Modeline "720x400"x70.1   28.32  720 738 846 900  400 412 414 449 -hsync +vsync (31.5 kHz e)
[  3640.856] (II) modeset(0): Modeline "684x384"x59.9   42.62  684 720 788 892  384 385 390 399 doublescan -hsync +vsync (47.8 kHz d)
[  3640.856] (II) modeset(0): Modeline "684x384"x59.9   36.12  684 708 724 764  384 385 390 395 doublescan +hsync -vsync (47.3 kHz d)
[  3640.856] (II) modeset(0): Modeline "640x400"x59.9   41.75  640 676 740 840  400 401 404 415 doublescan -hsync +vsync (49.7 kHz d)
[  3640.856] (II) modeset(0): Modeline "640x400"x60.0   35.50  640 664 680 720  400 401 404 411 doublescan +hsync -vsync (49.3 kHz d)
[  3640.856] (II) modeset(0): Modeline "576x432"x75.0   54.00  576 608 672 800  432 432 434 450 doublescan +hsync +vsync (67.5 kHz d)
[  3640.856] (II) modeset(0): Modeline "640x360"x59.9   37.25  640 672 736 832  360 361 364 374 doublescan -hsync +vsync (44.8 kHz d)
[  3640.856] (II) modeset(0): Modeline "640x360"x59.8   31.88  640 664 680 720  360 361 364 370 doublescan +hsync -vsync (44.3 kHz d)
[  3640.856] (II) modeset(0): Modeline "640x360"x59.8   18.00  640 664 720 800  360 363 368 376 -hsync +vsync (22.5 kHz d)
[  3640.856] (II) modeset(0): Modeline "640x360"x59.3   17.75  640 688 720 800  360 363 368 374 +hsync -vsync (22.2 kHz d)
[  3640.856] (II) modeset(0): Modeline "512x384"x75.0   39.38  512 520 568 656  384 384 386 400 doublescan +hsync +vsync (60.0 kHz d)
[  3640.856] (II) modeset(0): Modeline "512x384"x70.1   37.50  512 524 592 664  384 385 388 403 doublescan -hsync -vsync (56.5 kHz d)
[  3640.856] (II) modeset(0): Modeline "512x384"x60.0   32.50  512 524 592 672  384 385 388 403 doublescan -hsync -vsync (48.4 kHz d)
[  3640.856] (II) modeset(0): Modeline "512x288"x60.0   23.25  512 532 580 648  288 289 292 299 doublescan -hsync +vsync (35.9 kHz d)
[  3640.856] (II) modeset(0): Modeline "512x288"x59.9   21.00  512 536 552 592  288 289 292 296 doublescan +hsync -vsync (35.5 kHz d)
[  3640.856] (II) modeset(0): Modeline "416x312"x74.7   28.64  416 432 464 576  312 312 314 333 doublescan -hsync -vsync (49.7 kHz d)
[  3640.856] (II) modeset(0): Modeline "480x270"x59.6   20.38  480 496 544 608  270 271 274 281 doublescan -hsync +vsync (33.5 kHz d)
[  3640.856] (II) modeset(0): Modeline "480x270"x59.8   18.62  480 504 520 560  270 271 274 278 doublescan +hsync -vsync (33.3 kHz d)
[  3640.856] (II) modeset(0): Modeline "400x300"x72.2   25.00  400 428 488 520  300 318 321 333 doublescan +hsync +vsync (48.1 kHz d)
[  3640.856] (II) modeset(0): Modeline "400x300"x75.1   24.75  400 408 448 528  300 300 302 312 doublescan +hsync +vsync (46.9 kHz d)
[  3640.856] (II) modeset(0): Modeline "400x300"x60.3   20.00  400 420 484 528  300 300 302 314 doublescan +hsync +vsync (37.9 kHz d)
[  3640.856] (II) modeset(0): Modeline "400x300"x56.3   18.00  400 412 448 512  300 300 301 312 doublescan +hsync +vsync (35.2 kHz d)
[  3640.856] (II) modeset(0): Modeline "432x243"x59.9   16.25  432 444 484 536  243 244 247 253 doublescan -hsync +vsync (30.3 kHz d)
[  3640.856] (II) modeset(0): Modeline "432x243"x59.6   15.25  432 456 472 512  243 244 247 250 doublescan +hsync -vsync (29.8 kHz d)
[  3640.856] (II) modeset(0): Modeline "320x240"x72.8   15.75  320 332 352 416  240 244 246 260 doublescan -hsync -vsync (37.9 kHz d)
[  3640.856] (II) modeset(0): Modeline "320x240"x75.0   15.75  320 328 360 420  240 240 242 250 doublescan -hsync -vsync (37.5 kHz d)
[  3640.856] (II) modeset(0): Modeline "320x240"x60.1   12.59  320 328 376 400  240 245 246 262 doublescan -hsync -vsync (31.5 kHz d)
[  3640.856] (II) modeset(0): Modeline "360x202"x59.5   11.25  360 372 404 448  202 204 206 211 doublescan -hsync +vsync (25.1 kHz d)
[  3640.856] (II) modeset(0): Modeline "360x202"x59.1   10.88  360 384 400 440  202 204 206 209 doublescan +hsync -vsync (24.7 kHz d)
[  3640.856] (II) modeset(0): Modeline "320x180"x59.8    9.00  320 332 360 400  180 181 184 188 doublescan -hsync +vsync (22.5 kHz d)
[  3640.856] (II) modeset(0): Modeline "320x180"x59.3    8.88  320 344 360 400  180 181 184 187 doublescan +hsync -vsync (22.2 kHz d)
[  3640.856] (II) modeset(0): Output DVI-D-1 disconnected
[  3640.856] (II) modeset(0): Output HDMI-1 connected
[  3640.856] (II) modeset(0): Using exact sizes for initial modes
[  3640.856] (II) modeset(0): Output HDMI-1 using initial mode 1360x768 +0+0
[  3640.856] (==) modeset(0): Using gamma correction (1.0, 1.0, 1.0)
[  3640.856] (==) modeset(0): DPI set to (96, 96)
[  3640.856] (II) Loading sub module "fb"
[  3640.856] (II) LoadModule: "fb"
[  3640.856] (II) Module "fb" already built-in
[  3640.869] (==) modeset(0): Backing store enabled
[  3640.869] (==) modeset(0): Silken mouse enabled
[  3640.886] (II) modeset(0): Initializing kms color map for depth 24, 8 bpc.
[  3640.886] (==) modeset(0): DPMS enabled
[  3640.886] (II) modeset(0): [DRI2] Setup complete
[  3640.886] (II) modeset(0): [DRI2]   DRI driver: nouveau
[  3640.886] (II) modeset(0): [DRI2]   VDPAU driver: nouveau
[  3640.886] (II) Initializing extension Generic Event Extension
[  3640.886] (II) Initializing extension SHAPE
[  3640.886] (II) Initializing extension MIT-SHM
[  3640.886] (II) Initializing extension XInputExtension
[  3640.886] (II) Initializing extension XTEST
[  3640.886] (II) Initializing extension BIG-REQUESTS
[  3640.886] (II) Initializing extension SYNC
[  3640.886] (II) Initializing extension XKEYBOARD
[  3640.886] (II) Initializing extension XC-MISC
[  3640.886] (II) Initializing extension SECURITY
[  3640.886] (II) Initializing extension XFIXES
[  3640.886] (II) Initializing extension RENDER
[  3640.887] (II) Initializing extension RANDR
[  3640.887] (II) Initializing extension COMPOSITE
[  3640.887] (II) Initializing extension DAMAGE
[  3640.887] (II) Initializing extension MIT-SCREEN-SAVER
[  3640.887] (II) Initializing extension DOUBLE-BUFFER
[  3640.887] (II) Initializing extension RECORD
[  3640.887] (II) Initializing extension DPMS
[  3640.887] (II) Initializing extension Present
[  3640.887] (II) Initializing extension DRI3
[  3640.887] (II) Initializing extension X-Resource
[  3640.887] (II) Initializing extension XVideo
[  3640.887] (II) Initializing extension XVideo-MotionCompensation
[  3640.887] (II) Initializing extension GLX
[  3640.892] (II) AIGLX: Loaded and initialized nouveau
[  3640.892] (II) GLX: Initialized DRI2 GL provider for screen 0
[  3640.892] (II) Initializing extension XFree86-VidModeExtension
[  3640.892] (II) Initializing extension XFree86-DGA
[  3640.892] (II) Initializing extension XFree86-DRI
[  3640.892] (II) Initializing extension DRI2
[  3640.893] (II) modeset(0): Damage tracking initialized
[  3640.893] (II) modeset(0): Setting screen physical size to 359 x 203
[  3640.936] (II) config/udev: Adding input device Power Button (/dev/input/event1)
[  3640.936] (**) Power Button: Applying InputClass "devname"
[  3640.936] (**) Power Button: Applying InputClass "libinput keyboard catchall"
[  3640.936] (**) Power Button: Applying InputClass "system-keyboard"
[  3640.936] (II) LoadModule: "libinput"
[  3640.936] (II) Loading /usr/lib/xorg/modules/input/libinput_drv.so
[  3640.938] (II) Module libinput: vendor="X.Org Foundation"
[  3640.938] 	compiled for 1.21.1.13, module version = 1.5.0
[  3640.938] 	Module class: X.Org XInput Driver
[  3640.938] 	ABI class: X.Org XInput driver, version 24.4
[  3640.938] (II) Using input driver 'libinput' for 'Power Button'
[  3640.938] (II) systemd-logind: got fd for /dev/input/event1 13:65 fd 28 paused 0
[  3640.938] (**) Power Button: always reports core events
[  3640.938] (**) Option "Device" "/dev/input/event1"
[  3640.941] (II) event1  - Power Button: is tagged by udev as: Keyboard
[  3640.941] (II) event1  - Power Button: device is a keyboard
[  3640.942] (II) event1  - Power Button: device removed
[  3640.942] (**) Option "config_info" "udev:/sys/devices/LNXSYSTM:00/LNXPWRBN:00/input/input1/event1"
[  3640.942] (II) XINPUT: Adding extended input device "Power Button" (type: KEYBOARD, id 6)
[  3640.942] (**) Option "xkb_layout" "de"
[  3640.942] (**) Option "xkb_variant" "nodeadkeys"
[  3640.958] (II) event1  - Power Button: is tagged by udev as: Keyboard
[  3640.958] (II) event1  - Power Button: device is a keyboard
[  3640.959] (II) config/udev: Adding input device Video Bus (/dev/input/event3)
[  3640.959] (**) Video Bus: Applying InputClass "devname"
[  3640.959] (**) Video Bus: Applying InputClass "libinput keyboard catchall"
[  3640.959] (**) Video Bus: Applying InputClass "system-keyboard"
[  3640.959] (II) Using input driver 'libinput' for 'Video Bus'
[  3640.959] (II) systemd-logind: got fd for /dev/input/event3 13:67 fd 31 paused 0
[  3640.959] (**) Video Bus: always reports core events
[  3640.960] (**) Option "Device" "/dev/input/event3"
[  3640.960] (II) event3  - Video Bus: is tagged by udev as: Keyboard
[  3640.960] (II) event3  - Video Bus: device is a keyboard
[  3640.960] (II) event3  - Video Bus: device removed
[  3640.960] (**) Option "config_info" "udev:/sys/devices/LNXSYSTM:00/LNXSYBUS:00/PNP0A08:00/LNXVIDEO:00/LNXVIDEO:01/input/input3/event3"
[  3640.960] (II) XINPUT: Adding extended input device "Video Bus" (type: KEYBOARD, id 7)
[  3640.960] (**) Option "xkb_layout" "de"
[  3640.960] (**) Option "xkb_variant" "nodeadkeys"
[  3640.961] (II) event3  - Video Bus: is tagged by udev as: Keyboard
[  3640.961] (II) event3  - Video Bus: device is a keyboard
[  3640.962] (II) config/udev: Adding input device Video Bus (/dev/input/event2)
[  3640.962] (**) Video Bus: Applying InputClass "devname"
[  3640.962] (**) Video Bus: Applying InputClass "libinput keyboard catchall"
[  3640.962] (**) Video Bus: Applying InputClass "system-keyboard"
[  3640.962] (II) Using input driver 'libinput' for 'Video Bus'
[  3640.962] (II) systemd-logind: got fd for /dev/input/event2 13:66 fd 32 paused 0
[  3640.962] (**) Video Bus: always reports core events
[  3640.962] (**) Option "Device" "/dev/input/event2"
[  3640.963] (II) event2  - Video Bus: is tagged by udev as: Keyboard
[  3640.963] (II) event2  - Video Bus: device is a keyboard
[  3640.963] (II) event2  - Video Bus: device removed
[  3640.963] (**) Option "config_info" "udev:/sys/devices/LNXSYSTM:00/LNXSYBUS:00/PNP0A08:00/LNXVIDEO:00/input/input2/event2"
[  3640.963] (II) XINPUT: Adding extended input device "Video Bus" (type: KEYBOARD, id 8)
[  3640.963] (**) Option "xkb_layout" "de"
[  3640.963] (**) Option "xkb_variant" "nodeadkeys"
[  3640.964] (II) event2  - Video Bus: is tagged by udev as: Keyboard
[  3640.964] (II) event2  - Video Bus: device is a keyboard
[  3640.964] (II) config/udev: Adding input device Power Button (/dev/input/event0)
[  3640.964] (**) Power Button: Applying InputClass "devname"
[  3640.964] (**) Power Button: Applying InputClass "libinput keyboard catchall"
[  3640.964] (**) Power Button: Applying InputClass "system-keyboard"
[  3640.964] (II) Using input driver 'libinput' for 'Power Button'
[  3640.965] (II) systemd-logind: got fd for /dev/input/event0 13:64 fd 33 paused 0
[  3640.965] (**) Power Button: always reports core events
[  3640.965] (**) Option "Device" "/dev/input/event0"
[  3640.966] (II) event0  - Power Button: is tagged by udev as: Keyboard
[  3640.966] (II) event0  - Power Button: device is a keyboard
[  3640.966] (II) event0  - Power Button: device removed
[  3640.966] (**) Option "config_info" "udev:/sys/devices/LNXSYSTM:00/LNXSYBUS:00/PNP0C0C:00/input/input0/event0"
[  3640.966] (II) XINPUT: Adding extended input device "Power Button" (type: KEYBOARD, id 9)
[  3640.966] (**) Option "xkb_layout" "de"
[  3640.966] (**) Option "xkb_variant" "nodeadkeys"
[  3640.966] (II) event0  - Power Button: is tagged by udev as: Keyboard
[  3640.966] (II) event0  - Power Button: device is a keyboard
[  3640.967] (II) config/udev: Adding input device HDA NVidia HDMI/DP,pcm=3 (/dev/input/event12)
[  3640.967] (**) HDA NVidia HDMI/DP,pcm=3: Applying InputClass "devname"
[  3640.967] (II) Using input driver 'libinput' for 'HDA NVidia HDMI/DP,pcm=3'
[  3640.967] (II) systemd-logind: got fd for /dev/input/event12 13:76 fd 34 paused 0
[  3640.967] (**) HDA NVidia HDMI/DP,pcm=3: always reports core events
[  3640.967] (**) Option "Device" "/dev/input/event12"
[  3640.968] (II) event12 - HDA NVidia HDMI/DP,pcm=3: is tagged by udev as: Switch
[  3640.968] (II) event12 - not using input device '/dev/input/event12'.
[  3640.968] (EE) libinput: HDA NVidia HDMI/DP,pcm=3: Failed to create a device for /dev/input/event12
[  3640.968] (EE) PreInit returned 2 for "HDA NVidia HDMI/DP,pcm=3"
[  3640.968] (II) UnloadModule: "libinput"
[  3640.968] (II) systemd-logind: releasing fd for 13:76
[  3640.969] (II) config/udev: Adding input device HDA NVidia HDMI/DP,pcm=7 (/dev/input/event13)
[  3640.969] (**) HDA NVidia HDMI/DP,pcm=7: Applying InputClass "devname"
[  3640.969] (II) Using input driver 'libinput' for 'HDA NVidia HDMI/DP,pcm=7'
[  3640.970] (II) systemd-logind: got fd for /dev/input/event13 13:77 fd 34 paused 0
[  3640.970] (**) HDA NVidia HDMI/DP,pcm=7: always reports core events
[  3640.970] (**) Option "Device" "/dev/input/event13"
[  3640.970] (II) event13 - HDA NVidia HDMI/DP,pcm=7: is tagged by udev as: Switch
[  3640.970] (II) event13 - not using input device '/dev/input/event13'.
[  3640.970] (EE) libinput: HDA NVidia HDMI/DP,pcm=7: Failed to create a device for /dev/input/event13
[  3640.970] (EE) PreInit returned 2 for "HDA NVidia HDMI/DP,pcm=7"
[  3640.970] (II) UnloadModule: "libinput"
[  3640.970] (II) systemd-logind: releasing fd for 13:77
[  3640.971] (II) config/udev: Adding input device HDA NVidia HDMI/DP,pcm=8 (/dev/input/event14)
[  3640.971] (**) HDA NVidia HDMI/DP,pcm=8: Applying InputClass "devname"
[  3640.971] (II) Using input driver 'libinput' for 'HDA NVidia HDMI/DP,pcm=8'
[  3640.971] (II) systemd-logind: got fd for /dev/input/event14 13:78 fd 34 paused 0
[  3640.971] (**) HDA NVidia HDMI/DP,pcm=8: always reports core events
[  3640.971] (**) Option "Device" "/dev/input/event14"
[  3640.972] (II) event14 - HDA NVidia HDMI/DP,pcm=8: is tagged by udev as: Switch
[  3640.972] (II) event14 - not using input device '/dev/input/event14'.
[  3640.972] (EE) libinput: HDA NVidia HDMI/DP,pcm=8: Failed to create a device for /dev/input/event14
[  3640.972] (EE) PreInit returned 2 for "HDA NVidia HDMI/DP,pcm=8"
[  3640.972] (II) UnloadModule: "libinput"
[  3640.972] (II) systemd-logind: releasing fd for 13:78
[  3640.973] (II) config/udev: Adding input device HDA NVidia HDMI/DP,pcm=9 (/dev/input/event15)
[  3640.973] (**) HDA NVidia HDMI/DP,pcm=9: Applying InputClass "devname"
[  3640.973] (II) Using input driver 'libinput' for 'HDA NVidia HDMI/DP,pcm=9'
[  3640.973] (II) systemd-logind: got fd for /dev/input/event15 13:79 fd 34 paused 0
[  3640.973] (**) HDA NVidia HDMI/DP,pcm=9: always reports core events
[  3640.973] (**) Option "Device" "/dev/input/event15"
[  3640.974] (II) event15 - HDA NVidia HDMI/DP,pcm=9: is tagged by udev as: Switch
[  3640.974] (II) event15 - not using input device '/dev/input/event15'.
[  3640.974] (EE) libinput: HDA NVidia HDMI/DP,pcm=9: Failed to create a device for /dev/input/event15
[  3640.974] (EE) PreInit returned 2 for "HDA NVidia HDMI/DP,pcm=9"
[  3640.974] (II) UnloadModule: "libinput"
[  3640.974] (II) systemd-logind: releasing fd for 13:79
[  3640.975] (II) config/udev: Adding input device Microsoft X-Box One Elite 2 pad (/dev/input/event9)
[  3640.975] (**) Microsoft X-Box One Elite 2 pad: Applying InputClass "devname"
[  3640.975] (II) Using input driver 'libinput' for 'Microsoft X-Box One Elite 2 pad'
[  3640.976] (II) systemd-logind: got fd for /dev/input/event9 13:73 fd 34 paused 0
[  3640.976] (**) Microsoft X-Box One Elite 2 pad: always reports core events
[  3640.976] (**) Option "Device" "/dev/input/event9"
[  3640.977] (II) event9  - Microsoft X-Box One Elite 2 pad: is tagged by udev as: Joystick
[  3640.977] (II) event9  - Microsoft X-Box One Elite 2 pad: device is a joystick or a gamepad, ignoring
[  3640.977] (II) event9  - not using input device '/dev/input/event9'.
[  3640.977] (EE) libinput: Microsoft X-Box One Elite 2 pad: Failed to create a device for /dev/input/event9
[  3640.977] (EE) PreInit returned 2 for "Microsoft X-Box One Elite 2 pad"
[  3640.977] (II) UnloadModule: "libinput"
[  3640.977] (II) systemd-logind: releasing fd for 13:73
[  3640.978] (II) config/udev: Adding input device Microsoft X-Box One Elite 2 pad (/dev/input/js0)
[  3640.978] (**) Microsoft X-Box One Elite 2 pad: Applying InputClass "devname"
[  3640.978] (II) Using input driver 'libinput' for 'Microsoft X-Box One Elite 2 pad'
[  3640.978] (EE) systemd-logind: failed to take device /dev/input/js0: No such device
[  3640.978] (**) Microsoft X-Box One Elite 2 pad: always reports core events
[  3640.978] (**) Option "Device" "/dev/input/js0"
[  3640.993] (II) js0     - not using input device '/dev/input/js0'.
[  3640.993] (EE) libinput: Microsoft X-Box One Elite 2 pad: Failed to create a device for /dev/input/js0
[  3640.993] (EE) PreInit returned 2 for "Microsoft X-Box One Elite 2 pad"
[  3640.993] (II) UnloadModule: "libinput"
[  3640.994] (II) config/udev: Adding input device Logitech MX Master 3 (/dev/input/event7)
[  3640.994] (**) Logitech MX Master 3: Applying InputClass "devname"
[  3640.994] (**) Logitech MX Master 3: Applying InputClass "libinput pointer catchall"
[  3640.994] (**) Logitech MX Master 3: Applying InputClass "libinput keyboard catchall"
[  3640.994] (**) Logitech MX Master 3: Applying InputClass "system-keyboard"
[  3640.994] (II) Using input driver 'libinput' for 'Logitech MX Master 3'
[  3640.994] (II) systemd-logind: got fd for /dev/input/event7 13:71 fd 34 paused 0
[  3640.994] (**) Logitech MX Master 3: always reports core events
[  3640.994] (**) Option "Device" "/dev/input/event7"
[  3640.995] (II) event7  - Logitech MX Master 3: is tagged by udev as: Keyboard Mouse
[  3640.996] (II) event7  - Logitech MX Master 3: device is a pointer
[  3640.996] (II) event7  - Logitech MX Master 3: device is a keyboard
[  3640.996] (II) event7  - Logitech MX Master 3: device removed
[  3640.996] (II) libinput: Logitech MX Master 3: Step value 0 was provided, libinput Fallback acceleration function is used.
[  3640.996] (II) libinput: Logitech MX Master 3: Step value 0 was provided, libinput Fallback acceleration function is used.
[  3640.996] (II) libinput: Logitech MX Master 3: Step value 0 was provided, libinput Fallback acceleration function is used.
[  3640.996] (II) libinput: Logitech MX Master 3: needs a virtual subdevice
[  3640.996] (**) Option "config_info" "udev:/sys/devices/pci0000:00/0000:00:1a.0/usb1/1-1/1-1.5/1-1.5:1.2/0003:046D:C52B.0003/0003:046D:4082.0007/input/input20/event7"
[  3640.996] (II) XINPUT: Adding extended input device "Logitech MX Master 3" (type: MOUSE, id 10)
[  3640.996] (**) Option "AccelerationScheme" "none"
[  3640.996] (**) Logitech MX Master 3: (accel) selected scheme none/0
[  3640.996] (**) Logitech MX Master 3: (accel) acceleration factor: 2.000
[  3640.996] (**) Logitech MX Master 3: (accel) acceleration threshold: 4
[  3640.997] (II) event7  - Logitech MX Master 3: is tagged by udev as: Keyboard Mouse
[  3640.997] (II) event7  - Logitech MX Master 3: device is a pointer
[  3640.997] (II) event7  - Logitech MX Master 3: device is a keyboard
[  3640.998] (II) config/udev: Adding input device Logitech MX Master 3 (/dev/input/mouse0)
[  3640.998] (**) Logitech MX Master 3: Applying InputClass "devname"
[  3640.998] (**) Logitech MX Master 3: Applying InputClass "system-keyboard"
[  3640.998] (II) Using input driver 'libinput' for 'Logitech MX Master 3'
[  3640.998] (**) Logitech MX Master 3: always reports core events
[  3640.998] (**) Option "Device" "/dev/input/mouse0"
[  3640.998] (EE) xf86OpenSerial: Cannot open device /dev/input/mouse0
	Permission denied.
[  3640.998] (II) mouse0: opening input device '/dev/input/mouse0' failed (Permission denied).
[  3640.998] (II) mouse0  - failed to create input device '/dev/input/mouse0'.
[  3640.998] (EE) libinput: Logitech MX Master 3: Failed to create a device for /dev/input/mouse0
[  3640.998] (EE) PreInit returned 2 for "Logitech MX Master 3"
[  3640.998] (II) UnloadModule: "libinput"
[  3640.999] (II) config/udev: Adding input device Logitech MX Keys (/dev/input/event8)
[  3640.999] (**) Logitech MX Keys: Applying InputClass "devname"
[  3640.999] (**) Logitech MX Keys: Applying InputClass "libinput keyboard catchall"
[  3640.999] (**) Logitech MX Keys: Applying InputClass "system-keyboard"
[  3640.999] (II) Using input driver 'libinput' for 'Logitech MX Keys'
[  3641.000] (II) systemd-logind: got fd for /dev/input/event8 13:72 fd 35 paused 0
[  3641.000] (**) Logitech MX Keys: always reports core events
[  3641.000] (**) Option "Device" "/dev/input/event8"
[  3641.001] (II) event8  - Logitech MX Keys: is tagged by udev as: Keyboard
[  3641.001] (II) event8  - Logitech MX Keys: device is a keyboard
[  3641.001] (II) event8  - Logitech MX Keys: device removed
[  3641.001] (II) libinput: Logitech MX Keys: Step value 0 was provided, libinput Fallback acceleration function is used.
[  3641.001] (II) libinput: Logitech MX Keys: Step value 0 was provided, libinput Fallback acceleration function is used.
[  3641.001] (II) libinput: Logitech MX Keys: Step value 0 was provided, libinput Fallback acceleration function is used.
[  3641.001] (II) libinput: Logitech MX Keys: needs a virtual subdevice
[  3641.001] (**) Option "config_info" "udev:/sys/devices/pci0000:00/0000:00:1a.0/usb1/1-1/1-1.5/1-1.5:1.2/0003:046D:C52B.0003/0003:046D:408A.0006/input/input21/event8"
[  3641.001] (II) XINPUT: Adding extended input device "Logitech MX Keys" (type: MOUSE, id 11)
[  3641.001] (**) Option "AccelerationScheme" "none"
[  3641.001] (**) Logitech MX Keys: (accel) selected scheme none/0
[  3641.001] (**) Logitech MX Keys: (accel) acceleration factor: 2.000
[  3641.001] (**) Logitech MX Keys: (accel) acceleration threshold: 4
[  3641.002] (II) event8  - Logitech MX Keys: is tagged by udev as: Keyboard
[  3641.003] (II) event8  - Logitech MX Keys: device is a keyboard
[  3641.003] (II) config/udev: Adding input device Logitech MX Keys (/dev/input/mouse1)
[  3641.003] (**) Logitech MX Keys: Applying InputClass "devname"
[  3641.003] (**) Logitech MX Keys: Applying InputClass "system-keyboard"
[  3641.003] (II) Using input driver 'libinput' for 'Logitech MX Keys'
[  3641.003] (**) Logitech MX Keys: always reports core events
[  3641.003] (**) Option "Device" "/dev/input/mouse1"
[  3641.004] (EE) xf86OpenSerial: Cannot open device /dev/input/mouse1
	Permission denied.
[  3641.004] (II) mouse1: opening input device '/dev/input/mouse1' failed (Permission denied).
[  3641.004] (II) mouse1  - failed to create input device '/dev/input/mouse1'.
[  3641.004] (EE) libinput: Logitech MX Keys: Failed to create a device for /dev/input/mouse1
[  3641.004] (EE) PreInit returned 2 for "Logitech MX Keys"
[  3641.004] (II) UnloadModule: "libinput"
[  3641.004] (II) config/udev: Adding input device SEM Speedlink Liric Keyboard  (/dev/input/event4)
[  3641.004] (**) SEM Speedlink Liric Keyboard : Applying InputClass "devname"
[  3641.004] (**) SEM Speedlink Liric Keyboard : Applying InputClass "libinput keyboard catchall"
[  3641.004] (**) SEM Speedlink Liric Keyboard : Applying InputClass "system-keyboard"
[  3641.004] (II) Using input driver 'libinput' for 'SEM Speedlink Liric Keyboard '
[  3641.005] (II) systemd-logind: got fd for /dev/input/event4 13:68 fd 36 paused 0
[  3641.005] (**) SEM Speedlink Liric Keyboard : always reports core events
[  3641.005] (**) Option "Device" "/dev/input/event4"
[  3641.006] (II) event4  - SEM Speedlink Liric Keyboard : is tagged by udev as: Keyboard
[  3641.006] (II) event4  - SEM Speedlink Liric Keyboard : device is a keyboard
[  3641.006] (II) event4  - SEM Speedlink Liric Keyboard : device removed
[  3641.006] (**) Option "config_info" "udev:/sys/devices/pci0000:00/0000:00:1a.0/usb1/1-1/1-1.6/1-1.6:1.0/0003:1A2C:504E.0004/input/input12/event4"
[  3641.006] (II) XINPUT: Adding extended input device "SEM Speedlink Liric Keyboard " (type: KEYBOARD, id 12)
[  3641.006] (**) Option "xkb_layout" "de"
[  3641.006] (**) Option "xkb_variant" "nodeadkeys"
[  3641.007] (II) event4  - SEM Speedlink Liric Keyboard : is tagged by udev as: Keyboard
[  3641.007] (II) event4  - SEM Speedlink Liric Keyboard : device is a keyboard
[  3641.008] (II) config/udev: Adding input device SEM Speedlink Liric Keyboard  Consumer Control (/dev/input/event5)
[  3641.008] (**) SEM Speedlink Liric Keyboard  Consumer Control: Applying InputClass "devname"
[  3641.008] (**) SEM Speedlink Liric Keyboard  Consumer Control: Applying InputClass "libinput keyboard catchall"
[  3641.008] (**) SEM Speedlink Liric Keyboard  Consumer Control: Applying InputClass "system-keyboard"
[  3641.008] (II) Using input driver 'libinput' for 'SEM Speedlink Liric Keyboard  Consumer Control'
[  3641.009] (II) systemd-logind: got fd for /dev/input/event5 13:69 fd 37 paused 0
[  3641.009] (**) SEM Speedlink Liric Keyboard  Consumer Control: always reports core events
[  3641.009] (**) Option "Device" "/dev/input/event5"
[  3641.010] (II) event5  - SEM Speedlink Liric Keyboard  Consumer Control: is tagged by udev as: Keyboard
[  3641.010] (II) event5  - SEM Speedlink Liric Keyboard  Consumer Control: device is a keyboard
[  3641.010] (II) event5  - SEM Speedlink Liric Keyboard  Consumer Control: device removed
[  3641.010] (II) libinput: SEM Speedlink Liric Keyboard  Consumer Control: needs a virtual subdevice
[  3641.010] (**) Option "config_info" "udev:/sys/devices/pci0000:00/0000:00:1a.0/usb1/1-1/1-1.6/1-1.6:1.1/0003:1A2C:504E.0005/input/input13/event5"
[  3641.010] (II) XINPUT: Adding extended input device "SEM Speedlink Liric Keyboard  Consumer Control" (type: MOUSE, id 13)
[  3641.010] (**) Option "AccelerationScheme" "none"
[  3641.010] (**) SEM Speedlink Liric Keyboard  Consumer Control: (accel) selected scheme none/0
[  3641.010] (**) SEM Speedlink Liric Keyboard  Consumer Control: (accel) acceleration factor: 2.000
[  3641.010] (**) SEM Speedlink Liric Keyboard  Consumer Control: (accel) acceleration threshold: 4
[  3641.011] (II) event5  - SEM Speedlink Liric Keyboard  Consumer Control: is tagged by udev as: Keyboard
[  3641.011] (II) event5  - SEM Speedlink Liric Keyboard  Consumer Control: device is a keyboard
[  3641.012] (II) config/udev: Adding input device SEM Speedlink Liric Keyboard  System Control (/dev/input/event6)
[  3641.012] (**) SEM Speedlink Liric Keyboard  System Control: Applying InputClass "devname"
[  3641.012] (**) SEM Speedlink Liric Keyboard  System Control: Applying InputClass "libinput keyboard catchall"
[  3641.012] (**) SEM Speedlink Liric Keyboard  System Control: Applying InputClass "system-keyboard"
[  3641.012] (II) Using input driver 'libinput' for 'SEM Speedlink Liric Keyboard  System Control'
[  3641.013] (II) systemd-logind: got fd for /dev/input/event6 13:70 fd 38 paused 0
[  3641.013] (**) SEM Speedlink Liric Keyboard  System Control: always reports core events
[  3641.013] (**) Option "Device" "/dev/input/event6"
[  3641.014] (II) event6  - SEM Speedlink Liric Keyboard  System Control: is tagged by udev as: Keyboard
[  3641.014] (II) event6  - SEM Speedlink Liric Keyboard  System Control: device is a keyboard
[  3641.014] (II) event6  - SEM Speedlink Liric Keyboard  System Control: device removed
[  3641.014] (**) Option "config_info" "udev:/sys/devices/pci0000:00/0000:00:1a.0/usb1/1-1/1-1.6/1-1.6:1.1/0003:1A2C:504E.0005/input/input14/event6"
[  3641.014] (II) XINPUT: Adding extended input device "SEM Speedlink Liric Keyboard  System Control" (type: KEYBOARD, id 14)
[  3641.014] (**) Option "xkb_layout" "de"
[  3641.014] (**) Option "xkb_variant" "nodeadkeys"
[  3641.015] (II) event6  - SEM Speedlink Liric Keyboard  System Control: is tagged by udev as: Keyboard
[  3641.015] (II) event6  - SEM Speedlink Liric Keyboard  System Control: device is a keyboard
[  3641.016] (II) config/udev: Adding input device HDA Intel PCH Mic (/dev/input/event16)
[  3641.016] (**) HDA Intel PCH Mic: Applying InputClass "devname"
[  3641.016] (II) Using input driver 'libinput' for 'HDA Intel PCH Mic'
[  3641.016] (II) systemd-logind: got fd for /dev/input/event16 13:80 fd 39 paused 0
[  3641.016] (**) HDA Intel PCH Mic: always reports core events
[  3641.016] (**) Option "Device" "/dev/input/event16"
[  3641.017] (II) event16 - HDA Intel PCH Mic: is tagged by udev as: Switch
[  3641.017] (II) event16 - not using input device '/dev/input/event16'.
[  3641.017] (EE) libinput: HDA Intel PCH Mic: Failed to create a device for /dev/input/event16
[  3641.017] (EE) PreInit returned 2 for "HDA Intel PCH Mic"
[  3641.017] (II) UnloadModule: "libinput"
[  3641.017] (II) systemd-logind: releasing fd for 13:80
[  3641.018] (II) config/udev: Adding input device HDA Intel PCH Line (/dev/input/event17)
[  3641.018] (**) HDA Intel PCH Line: Applying InputClass "devname"
[  3641.018] (II) Using input driver 'libinput' for 'HDA Intel PCH Line'
[  3641.018] (II) systemd-logind: got fd for /dev/input/event17 13:81 fd 39 paused 0
[  3641.018] (**) HDA Intel PCH Line: always reports core events
[  3641.018] (**) Option "Device" "/dev/input/event17"
[  3641.019] (II) event17 - HDA Intel PCH Line: is tagged by udev as: Switch
[  3641.019] (II) event17 - not using input device '/dev/input/event17'.
[  3641.019] (EE) libinput: HDA Intel PCH Line: Failed to create a device for /dev/input/event17
[  3641.019] (EE) PreInit returned 2 for "HDA Intel PCH Line"
[  3641.019] (II) UnloadModule: "libinput"
[  3641.019] (II) systemd-logind: releasing fd for 13:81
[  3641.020] (II) config/udev: Adding input device HDA Intel PCH Line Out (/dev/input/event18)
[  3641.020] (**) HDA Intel PCH Line Out: Applying InputClass "devname"
[  3641.020] (II) Using input driver 'libinput' for 'HDA Intel PCH Line Out'
[  3641.020] (II) systemd-logind: got fd for /dev/input/event18 13:82 fd 39 paused 0
[  3641.020] (**) HDA Intel PCH Line Out: always reports core events
[  3641.020] (**) Option "Device" "/dev/input/event18"
[  3641.021] (II) event18 - HDA Intel PCH Line Out: is tagged by udev as: Switch
[  3641.021] (II) event18 - not using input device '/dev/input/event18'.
[  3641.021] (EE) libinput: HDA Intel PCH Line Out: Failed to create a device for /dev/input/event18
[  3641.021] (EE) PreInit returned 2 for "HDA Intel PCH Line Out"
[  3641.021] (II) UnloadModule: "libinput"
[  3641.021] (II) systemd-logind: releasing fd for 13:82
[  3641.021] (II) config/udev: Adding input device HDA Intel PCH Front Headphone (/dev/input/event19)
[  3641.021] (**) HDA Intel PCH Front Headphone: Applying InputClass "devname"
[  3641.021] (II) Using input driver 'libinput' for 'HDA Intel PCH Front Headphone'
[  3641.022] (II) systemd-logind: got fd for /dev/input/event19 13:83 fd 39 paused 0
[  3641.022] (**) HDA Intel PCH Front Headphone: always reports core events
[  3641.022] (**) Option "Device" "/dev/input/event19"
[  3641.023] (II) event19 - HDA Intel PCH Front Headphone: is tagged by udev as: Switch
[  3641.023] (II) event19 - not using input device '/dev/input/event19'.
[  3641.023] (EE) libinput: HDA Intel PCH Front Headphone: Failed to create a device for /dev/input/event19
[  3641.023] (EE) PreInit returned 2 for "HDA Intel PCH Front Headphone"
[  3641.023] (II) UnloadModule: "libinput"
[  3641.023] (II) systemd-logind: releasing fd for 13:83
[  3641.023] (II) config/udev: Adding input device PC Speaker (/dev/input/event10)
[  3641.023] (**) PC Speaker: Applying InputClass "devname"
[  3641.023] (II) Using input driver 'libinput' for 'PC Speaker'
[  3641.024] (II) systemd-logind: got fd for /dev/input/event10 13:74 fd 39 paused 0
[  3641.024] (**) PC Speaker: always reports core events
[  3641.024] (**) Option "Device" "/dev/input/event10"
[  3641.024] (II) event10 - PC Speaker: not tagged as supported input device
[  3641.024] (II) event10 - not using input device '/dev/input/event10'.
[  3641.024] (EE) libinput: PC Speaker: Failed to create a device for /dev/input/event10
[  3641.024] (EE) PreInit returned 2 for "PC Speaker"
[  3641.024] (II) UnloadModule: "libinput"
[  3641.024] (II) systemd-logind: releasing fd for 13:74
[  3641.027] (II) config/udev: Adding input device HP WMI hotkeys (/dev/input/event11)
[  3641.027] (**) HP WMI hotkeys: Applying InputClass "devname"
[  3641.027] (**) HP WMI hotkeys: Applying InputClass "libinput keyboard catchall"
[  3641.027] (**) HP WMI hotkeys: Applying InputClass "system-keyboard"
[  3641.027] (II) Using input driver 'libinput' for 'HP WMI hotkeys'
[  3641.027] (II) systemd-logind: got fd for /dev/input/event11 13:75 fd 39 paused 0
[  3641.027] (**) HP WMI hotkeys: always reports core events
[  3641.027] (**) Option "Device" "/dev/input/event11"
[  3641.028] (II) event11 - HP WMI hotkeys: is tagged by udev as: Keyboard Switch
[  3641.028] (II) event11 - HP WMI hotkeys: device is a keyboard
[  3641.028] (II) event11 - HP WMI hotkeys: device removed
[  3641.028] (**) Option "config_info" "udev:/sys/devices/virtual/input/input24/event11"
[  3641.028] (II) XINPUT: Adding extended input device "HP WMI hotkeys" (type: KEYBOARD, id 15)
[  3641.028] (**) Option "xkb_layout" "de"
[  3641.028] (**) Option "xkb_variant" "nodeadkeys"
[  3641.029] (II) event11 - HP WMI hotkeys: is tagged by udev as: Keyboard Switch
[  3641.029] (II) event11 - HP WMI hotkeys: device is a keyboard
[  3641.032] (**) Logitech MX Master 3: Applying InputClass "devname"
[  3641.033] (**) Logitech MX Master 3: Applying InputClass "libinput pointer catchall"
[  3641.033] (**) Logitech MX Master 3: Applying InputClass "libinput keyboard catchall"
[  3641.033] (**) Logitech MX Master 3: Applying InputClass "system-keyboard"
[  3641.033] (II) Using input driver 'libinput' for 'Logitech MX Master 3'
[  3641.033] (II) systemd-logind: returning pre-existing fd for /dev/input/event7 13:71
[  3641.033] (**) Logitech MX Master 3: always reports core events
[  3641.033] (**) Option "Device" "/dev/input/event7"
[  3641.033] (II) libinput: Logitech MX Master 3: is a virtual subdevice
[  3641.033] (II) libinput: Logitech MX Master 3: Step value 0 was provided, libinput Fallback acceleration function is used.
[  3641.033] (II) libinput: Logitech MX Master 3: Step value 0 was provided, libinput Fallback acceleration function is used.
[  3641.033] (II) libinput: Logitech MX Master 3: Step value 0 was provided, libinput Fallback acceleration function is used.
[  3641.033] (**) Option "config_info" "udev:/sys/devices/pci0000:00/0000:00:1a.0/usb1/1-1/1-1.5/1-1.5:1.2/0003:046D:C52B.0003/0003:046D:4082.0007/input/input20/event7"
[  3641.033] (II) XINPUT: Adding extended input device "Logitech MX Master 3" (type: KEYBOARD, id 16)
[  3641.033] (**) Option "xkb_layout" "de"
[  3641.033] (**) Option "xkb_variant" "nodeadkeys"
[  3641.033] (**) Logitech MX Keys: Applying InputClass "devname"
[  3641.033] (**) Logitech MX Keys: Applying InputClass "libinput keyboard catchall"
[  3641.033] (**) Logitech MX Keys: Applying InputClass "system-keyboard"
[  3641.033] (II) Using input driver 'libinput' for 'Logitech MX Keys'
[  3641.033] (II) systemd-logind: returning pre-existing fd for /dev/input/event8 13:72
[  3641.033] (**) Logitech MX Keys: always reports core events
[  3641.033] (**) Option "Device" "/dev/input/event8"
[  3641.033] (II) libinput: Logitech MX Keys: is a virtual subdevice
[  3641.033] (II) libinput: Logitech MX Keys: Step value 0 was provided, libinput Fallback acceleration function is used.
[  3641.033] (II) libinput: Logitech MX Keys: Step value 0 was provided, libinput Fallback acceleration function is used.
[  3641.033] (II) libinput: Logitech MX Keys: Step value 0 was provided, libinput Fallback acceleration function is used.
[  3641.033] (**) Option "config_info" "udev:/sys/devices/pci0000:00/0000:00:1a.0/usb1/1-1/1-1.5/1-1.5:1.2/0003:046D:C52B.0003/0003:046D:408A.0006/input/input21/event8"
[  3641.033] (II) XINPUT: Adding extended input device "Logitech MX Keys" (type: KEYBOARD, id 17)
[  3641.033] (**) Option "xkb_layout" "de"
[  3641.033] (**) Option "xkb_variant" "nodeadkeys"
[  3641.033] (**) SEM Speedlink Liric Keyboard  Consumer Control: Applying InputClass "devname"
[  3641.033] (**) SEM Speedlink Liric Keyboard  Consumer Control: Applying InputClass "libinput keyboard catchall"
[  3641.033] (**) SEM Speedlink Liric Keyboard  Consumer Control: Applying InputClass "system-keyboard"
[  3641.033] (II) Using input driver 'libinput' for 'SEM Speedlink Liric Keyboard  Consumer Control'
[  3641.033] (II) systemd-logind: returning pre-existing fd for /dev/input/event5 13:69
[  3641.033] (**) SEM Speedlink Liric Keyboard  Consumer Control: always reports core events
[  3641.033] (**) Option "Device" "/dev/input/event5"
[  3641.033] (II) libinput: SEM Speedlink Liric Keyboard  Consumer Control: is a virtual subdevice
[  3641.033] (**) Option "config_info" "udev:/sys/devices/pci0000:00/0000:00:1a.0/usb1/1-1/1-1.6/1-1.6:1.1/0003:1A2C:504E.0005/input/input13/event5"
[  3641.033] (II) XINPUT: Adding extended input device "SEM Speedlink Liric Keyboard  Consumer Control" (type: KEYBOARD, id 18)
[  3641.033] (**) Option "xkb_layout" "de"
[  3641.033] (**) Option "xkb_variant" "nodeadkeys"
[  3641.033] (II) modeset(0): Disabling kernel dirty updates, not required.
[  4140.838] (EE) event7  - Logitech MX Master 3: client bug: event processing lagging behind by 21ms, your system is too slow
[  5734.995] (II) config/udev: removing device Video Bus
[  5735.006] (**) Option "fd" "32"
[  5735.006] (II) event2  - Video Bus: device removed
[  5735.006] (II) UnloadModule: "libinput"
[  5735.006] (II) systemd-logind: releasing fd for 13:66
[  5735.021] (II) config/udev: Adding input device Video Bus (/dev/input/event2)
[  5735.021] (**) Video Bus: Applying InputClass "devname"
[  5735.021] (**) Video Bus: Applying InputClass "libinput keyboard catchall"
[  5735.021] (**) Video Bus: Applying InputClass "system-keyboard"
[  5735.021] (II) Using input driver 'libinput' for 'Video Bus'
[  5735.023] (II) systemd-logind: got fd for /dev/input/event2 13:66 fd 42 paused 0
[  5735.023] (**) Video Bus: always reports core events
[  5735.023] (**) Option "Device" "/dev/input/event2"
[  5735.024] (II) event2  - Video Bus: is tagged by udev as: Keyboard
[  5735.024] (II) event2  - Video Bus: device is a keyboard
[  5735.024] (II) event2  - Video Bus: device removed
[  5735.024] (**) Option "config_info" "udev:/sys/devices/LNXSYSTM:00/LNXSYBUS:00/PNP0A08:00/LNXVIDEO:00/input/input2/event2"
[  5735.024] (II) XINPUT: Adding extended input device "Video Bus" (type: KEYBOARD, id 8)
[  5735.024] (**) Option "xkb_layout" "de"
[  5735.024] (**) Option "xkb_variant" "nodeadkeys"
[  5735.025] (II) event2  - Video Bus: is tagged by udev as: Keyboard
[  5735.025] (II) event2  - Video Bus: device is a keyboard
[  5735.025] (II) config/udev: removing device Power Button
[  5735.026] (**) Option "fd" "28"
[  5735.026] (II) event1  - Power Button: device removed
[  5735.026] (II) UnloadModule: "libinput"
[  5735.026] (II) systemd-logind: releasing fd for 13:65
[  5735.027] (II) config/udev: Adding input device Power Button (/dev/input/event1)
[  5735.027] (**) Power Button: Applying InputClass "devname"
[  5735.027] (**) Power Button: Applying InputClass "libinput keyboard catchall"
[  5735.027] (**) Power Button: Applying InputClass "system-keyboard"
[  5735.027] (II) Using input driver 'libinput' for 'Power Button'
[  5735.028] (II) systemd-logind: got fd for /dev/input/event1 13:65 fd 32 paused 0
[  5735.028] (**) Power Button: always reports core events
[  5735.028] (**) Option "Device" "/dev/input/event1"
[  5735.028] (II) event1  - Power Button: is tagged by udev as: Keyboard
[  5735.028] (II) event1  - Power Button: device is a keyboard
[  5735.029] (II) event1  - Power Button: device removed
[  5735.029] (**) Option "config_info" "udev:/sys/devices/LNXSYSTM:00/LNXPWRBN:00/input/input1/event1"
[  5735.029] (II) XINPUT: Adding extended input device "Power Button" (type: KEYBOARD, id 6)
[  5735.029] (**) Option "xkb_layout" "de"
[  5735.029] (**) Option "xkb_variant" "nodeadkeys"
[  5735.030] (II) event1  - Power Button: is tagged by udev as: Keyboard
[  5735.030] (II) event1  - Power Button: device is a keyboard
[  5735.172] (II) modeset(0): EDID vendor "SAM", prod id 1380
[  5735.172] (II) modeset(0): DDCModeFromDetailedTiming: 720x480 Warning: We only handle separate sync.
[  5735.172] (II) modeset(0): Using EDID range info for horizontal sync
[  5735.172] (II) modeset(0): Using EDID range info for vertical refresh
[  5735.172] (II) modeset(0): Printing DDC gathered Modelines:
[  5735.172] (II) modeset(0): Modeline "1360x768"x0.0   85.50  1360 1424 1536 1792  768 771 777 795 +hsync +vsync (47.7 kHz eP)
[  5735.172] (II) modeset(0): Modeline "720x480"x0.0   27.00  720 736 798 858  480 489 495 525 -hsync -vsync (31.5 kHz e)
[  5735.172] (II) modeset(0): Modeline "1920x1080"x0.0  148.50  1920 2008 2052 2200  1080 1084 1089 1125 +hsync +vsync (67.5 kHz e)
[  5735.172] (II) modeset(0): Modeline "1280x720"x0.0   74.25  1280 1390 1430 1650  720 725 730 750 +hsync +vsync (45.0 kHz e)
[  5735.172] (II) modeset(0): Modeline "800x600"x0.0   40.00  800 840 968 1056  600 601 605 628 +hsync +vsync (37.9 kHz e)
[  5735.172] (II) modeset(0): Modeline "800x600"x0.0   36.00  800 824 896 1024  600 601 603 625 +hsync +vsync (35.2 kHz e)
[  5735.172] (II) modeset(0): Modeline "640x480"x0.0   31.50  640 656 720 840  480 481 484 500 -hsync -vsync (37.5 kHz e)
[  5735.172] (II) modeset(0): Modeline "640x480"x0.0   31.50  640 664 704 832  480 489 492 520 -hsync -vsync (37.9 kHz e)
[  5735.172] (II) modeset(0): Modeline "640x480"x0.0   30.24  640 704 768 864  480 483 486 525 -hsync -vsync (35.0 kHz e)
[  5735.172] (II) modeset(0): Modeline "640x480"x0.0   25.18  640 656 752 800  480 490 492 525 -hsync -vsync (31.5 kHz e)
[  5735.172] (II) modeset(0): Modeline "720x400"x0.0   28.32  720 738 846 900  400 412 414 449 -hsync +vsync (31.5 kHz e)
[  5735.172] (II) modeset(0): Modeline "1024x768"x0.0   78.75  1024 1040 1136 1312  768 769 772 800 +hsync +vsync (60.0 kHz e)
[  5735.172] (II) modeset(0): Modeline "1024x768"x0.0   75.00  1024 1048 1184 1328  768 771 777 806 -hsync -vsync (56.5 kHz e)
[  5735.172] (II) modeset(0): Modeline "1024x768"x0.0   65.00  1024 1048 1184 1344  768 771 777 806 -hsync -vsync (48.4 kHz e)
[  5735.172] (II) modeset(0): Modeline "832x624"x0.0   57.28  832 864 928 1152  624 625 628 667 -hsync -vsync (49.7 kHz e)
[  5735.172] (II) modeset(0): Modeline "800x600"x0.0   49.50  800 816 896 1056  600 601 604 625 +hsync +vsync (46.9 kHz e)
[  5735.172] (II) modeset(0): Modeline "800x600"x0.0   50.00  800 856 976 1040  600 637 643 666 +hsync +vsync (48.1 kHz e)
[  5735.172] (--) modeset(0): HDMI max TMDS frequency 225000KHz
[  5735.172] (II) config/udev: removing device Video Bus
[  5735.172] (**) Option "fd" "31"
[  5735.172] (II) event3  - Video Bus: device removed
[  5735.172] (II) UnloadModule: "libinput"
[  5735.172] (II) systemd-logind: releasing fd for 13:67
[  5735.184] (II) config/udev: Adding input device Video Bus (/dev/input/event3)
[  5735.184] (**) Video Bus: Applying InputClass "devname"
[  5735.184] (**) Video Bus: Applying InputClass "libinput keyboard catchall"
[  5735.184] (**) Video Bus: Applying InputClass "system-keyboard"
[  5735.184] (II) Using input driver 'libinput' for 'Video Bus'
[  5735.185] (II) systemd-logind: got fd for /dev/input/event3 13:67 fd 31 paused 0
[  5735.185] (**) Video Bus: always reports core events
[  5735.185] (**) Option "Device" "/dev/input/event3"
[  5735.186] (II) event3  - Video Bus: is tagged by udev as: Keyboard
[  5735.186] (II) event3  - Video Bus: device is a keyboard
[  5735.186] (II) event3  - Video Bus: device removed
[  5735.186] (**) Option "config_info" "udev:/sys/devices/LNXSYSTM:00/LNXSYBUS:00/PNP0A08:00/LNXVIDEO:00/LNXVIDEO:01/input/input3/event3"
[  5735.186] (II) XINPUT: Adding extended input device "Video Bus" (type: KEYBOARD, id 7)
[  5735.186] (**) Option "xkb_layout" "de"
[  5735.186] (**) Option "xkb_variant" "nodeadkeys"
[  5735.188] (II) event3  - Video Bus: is tagged by udev as: Keyboard
[  5735.188] (II) event3  - Video Bus: device is a keyboard
[  5735.189] (II) config/udev: removing device Power Button
[  5735.190] (**) Option "fd" "33"
[  5735.190] (II) event0  - Power Button: device removed
[  5735.190] (II) UnloadModule: "libinput"
[  5735.190] (II) systemd-logind: releasing fd for 13:64
[  5735.198] (II) config/udev: Adding input device Power Button (/dev/input/event0)
[  5735.198] (**) Power Button: Applying InputClass "devname"
[  5735.198] (**) Power Button: Applying InputClass "libinput keyboard catchall"
[  5735.198] (**) Power Button: Applying InputClass "system-keyboard"
[  5735.198] (II) Using input driver 'libinput' for 'Power Button'
[  5735.198] (II) systemd-logind: got fd for /dev/input/event0 13:64 fd 33 paused 0
[  5735.198] (**) Power Button: always reports core events
[  5735.198] (**) Option "Device" "/dev/input/event0"
[  5735.199] (II) event0  - Power Button: is tagged by udev as: Keyboard
[  5735.199] (II) event0  - Power Button: device is a keyboard
[  5735.199] (II) event0  - Power Button: device removed
[  5735.199] (**) Option "config_info" "udev:/sys/devices/LNXSYSTM:00/LNXSYBUS:00/PNP0C0C:00/input/input0/event0"
[  5735.199] (II) XINPUT: Adding extended input device "Power Button" (type: KEYBOARD, id 9)
[  5735.199] (**) Option "xkb_layout" "de"
[  5735.199] (**) Option "xkb_variant" "nodeadkeys"
[  5735.200] (II) event0  - Power Button: is tagged by udev as: Keyboard
[  5735.200] (II) event0  - Power Button: device is a keyboard
[  5735.201] (II) config/udev: Adding input device HDA Intel PCH Front Headphone (/dev/input/event19)
[  5735.201] (**) HDA Intel PCH Front Headphone: Applying InputClass "devname"
[  5735.201] (II) Using input driver 'libinput' for 'HDA Intel PCH Front Headphone'
[  5735.202] (II) systemd-logind: got fd for /dev/input/event19 13:83 fd 59 paused 0
[  5735.202] (**) HDA Intel PCH Front Headphone: always reports core events
[  5735.202] (**) Option "Device" "/dev/input/event19"
[  5735.203] (II) event19 - HDA Intel PCH Front Headphone: is tagged by udev as: Switch
[  5735.203] (II) event19 - not using input device '/dev/input/event19'.
[  5735.203] (EE) libinput: HDA Intel PCH Front Headphone: Failed to create a device for /dev/input/event19
[  5735.203] (EE) PreInit returned 2 for "HDA Intel PCH Front Headphone"
[  5735.203] (II) UnloadModule: "libinput"
[  5735.203] (II) systemd-logind: releasing fd for 13:83
[  5735.215] (II) config/udev: Adding input device HDA Intel PCH Line Out (/dev/input/event18)
[  5735.215] (**) HDA Intel PCH Line Out: Applying InputClass "devname"
[  5735.215] (II) Using input driver 'libinput' for 'HDA Intel PCH Line Out'
[  5735.218] (II) systemd-logind: got fd for /dev/input/event18 13:82 fd 59 paused 0
[  5735.218] (**) HDA Intel PCH Line Out: always reports core events
[  5735.218] (**) Option "Device" "/dev/input/event18"
[  5735.218] (II) event18 - HDA Intel PCH Line Out: is tagged by udev as: Switch
[  5735.218] (II) event18 - not using input device '/dev/input/event18'.
[  5735.218] (EE) libinput: HDA Intel PCH Line Out: Failed to create a device for /dev/input/event18
[  5735.218] (EE) PreInit returned 2 for "HDA Intel PCH Line Out"
[  5735.218] (II) UnloadModule: "libinput"
[  5735.219] (II) systemd-logind: releasing fd for 13:82
[  5735.219] (II) config/udev: Adding input device HDA NVidia HDMI/DP,pcm=8 (/dev/input/event14)
[  5735.219] (**) HDA NVidia HDMI/DP,pcm=8: Applying InputClass "devname"
[  5735.219] (II) Using input driver 'libinput' for 'HDA NVidia HDMI/DP,pcm=8'
[  5735.220] (II) systemd-logind: got fd for /dev/input/event14 13:78 fd 59 paused 0
[  5735.220] (**) HDA NVidia HDMI/DP,pcm=8: always reports core events
[  5735.220] (**) Option "Device" "/dev/input/event14"
[  5735.221] (II) event14 - HDA NVidia HDMI/DP,pcm=8: is tagged by udev as: Switch
[  5735.221] (II) event14 - not using input device '/dev/input/event14'.
[  5735.221] (EE) libinput: HDA NVidia HDMI/DP,pcm=8: Failed to create a device for /dev/input/event14
[  5735.221] (EE) PreInit returned 2 for "HDA NVidia HDMI/DP,pcm=8"
[  5735.221] (II) UnloadModule: "libinput"
[  5735.221] (II) systemd-logind: releasing fd for 13:78
[  5735.226] (II) config/udev: Adding input device HDA Intel PCH Line (/dev/input/event17)
[  5735.226] (**) HDA Intel PCH Line: Applying InputClass "devname"
[  5735.226] (II) Using input driver 'libinput' for 'HDA Intel PCH Line'
[  5735.227] (II) systemd-logind: got fd for /dev/input/event17 13:81 fd 59 paused 0
[  5735.227] (**) HDA Intel PCH Line: always reports core events
[  5735.227] (**) Option "Device" "/dev/input/event17"
[  5735.228] (II) event17 - HDA Intel PCH Line: is tagged by udev as: Switch
[  5735.228] (II) event17 - not using input device '/dev/input/event17'.
[  5735.228] (EE) libinput: HDA Intel PCH Line: Failed to create a device for /dev/input/event17
[  5735.228] (EE) PreInit returned 2 for "HDA Intel PCH Line"
[  5735.228] (II) UnloadModule: "libinput"
[  5735.228] (II) systemd-logind: releasing fd for 13:81
[  5735.229] (II) config/udev: Adding input device HDA NVidia HDMI/DP,pcm=7 (/dev/input/event13)
[  5735.229] (**) HDA NVidia HDMI/DP,pcm=7: Applying InputClass "devname"
[  5735.229] (II) Using input driver 'libinput' for 'HDA NVidia HDMI/DP,pcm=7'
[  5735.229] (II) systemd-logind: got fd for /dev/input/event13 13:77 fd 59 paused 0
[  5735.229] (**) HDA NVidia HDMI/DP,pcm=7: always reports core events
[  5735.229] (**) Option "Device" "/dev/input/event13"
[  5735.230] (II) event13 - HDA NVidia HDMI/DP,pcm=7: is tagged by udev as: Switch
[  5735.230] (II) event13 - not using input device '/dev/input/event13'.
[  5735.230] (EE) libinput: HDA NVidia HDMI/DP,pcm=7: Failed to create a device for /dev/input/event13
[  5735.230] (EE) PreInit returned 2 for "HDA NVidia HDMI/DP,pcm=7"
[  5735.230] (II) UnloadModule: "libinput"
[  5735.230] (II) systemd-logind: releasing fd for 13:77
[  5735.231] (II) config/udev: Adding input device HDA NVidia HDMI/DP,pcm=9 (/dev/input/event15)
[  5735.231] (**) HDA NVidia HDMI/DP,pcm=9: Applying InputClass "devname"
[  5735.231] (II) Using input driver 'libinput' for 'HDA NVidia HDMI/DP,pcm=9'
[  5735.231] (II) systemd-logind: got fd for /dev/input/event15 13:79 fd 59 paused 0
[  5735.231] (**) HDA NVidia HDMI/DP,pcm=9: always reports core events
[  5735.231] (**) Option "Device" "/dev/input/event15"
[  5735.232] (II) event15 - HDA NVidia HDMI/DP,pcm=9: is tagged by udev as: Switch
[  5735.232] (II) event15 - not using input device '/dev/input/event15'.
[  5735.232] (EE) libinput: HDA NVidia HDMI/DP,pcm=9: Failed to create a device for /dev/input/event15
[  5735.232] (EE) PreInit returned 2 for "HDA NVidia HDMI/DP,pcm=9"
[  5735.232] (II) UnloadModule: "libinput"
[  5735.232] (II) systemd-logind: releasing fd for 13:79
[  5735.233] (II) config/udev: Adding input device HDA Intel PCH Mic (/dev/input/event16)
[  5735.233] (**) HDA Intel PCH Mic: Applying InputClass "devname"
[  5735.233] (II) Using input driver 'libinput' for 'HDA Intel PCH Mic'
[  5735.233] (II) systemd-logind: got fd for /dev/input/event16 13:80 fd 59 paused 0
[  5735.233] (**) HDA Intel PCH Mic: always reports core events
[  5735.233] (**) Option "Device" "/dev/input/event16"
[  5735.234] (II) event16 - HDA Intel PCH Mic: is tagged by udev as: Switch
[  5735.234] (II) event16 - not using input device '/dev/input/event16'.
[  5735.234] (EE) libinput: HDA Intel PCH Mic: Failed to create a device for /dev/input/event16
[  5735.234] (EE) PreInit returned 2 for "HDA Intel PCH Mic"
[  5735.234] (II) UnloadModule: "libinput"
[  5735.234] (II) systemd-logind: releasing fd for 13:80
[  5735.235] (II) config/udev: Adding input device Microsoft X-Box One Elite 2 pad (/dev/input/js0)
[  5735.235] (**) Microsoft X-Box One Elite 2 pad: Applying InputClass "devname"
[  5735.235] (II) Using input driver 'libinput' for 'Microsoft X-Box One Elite 2 pad'
[  5735.235] (EE) systemd-logind: failed to take device /dev/input/js0: No such device
[  5735.235] (**) Microsoft X-Box One Elite 2 pad: always reports core events
[  5735.235] (**) Option "Device" "/dev/input/js0"
[  5735.254] (II) js0     - not using input device '/dev/input/js0'.
[  5735.254] (EE) libinput: Microsoft X-Box One Elite 2 pad: Failed to create a device for /dev/input/js0
[  5735.254] (EE) PreInit returned 2 for "Microsoft X-Box One Elite 2 pad"
[  5735.254] (II) UnloadModule: "libinput"
[  5735.254] (II) config/udev: Adding input device HDA NVidia HDMI/DP,pcm=3 (/dev/input/event12)
[  5735.254] (**) HDA NVidia HDMI/DP,pcm=3: Applying InputClass "devname"
[  5735.254] (II) Using input driver 'libinput' for 'HDA NVidia HDMI/DP,pcm=3'
[  5735.255] (II) systemd-logind: got fd for /dev/input/event12 13:76 fd 59 paused 0
[  5735.255] (**) HDA NVidia HDMI/DP,pcm=3: always reports core events
[  5735.255] (**) Option "Device" "/dev/input/event12"
[  5735.255] (II) event12 - HDA NVidia HDMI/DP,pcm=3: is tagged by udev as: Switch
[  5735.256] (II) event12 - not using input device '/dev/input/event12'.
[  5735.256] (EE) libinput: HDA NVidia HDMI/DP,pcm=3: Failed to create a device for /dev/input/event12
[  5735.256] (EE) PreInit returned 2 for "HDA NVidia HDMI/DP,pcm=3"
[  5735.256] (II) UnloadModule: "libinput"
[  5735.256] (II) systemd-logind: releasing fd for 13:76
[  5735.257] (II) config/udev: Adding input device Logitech MX Keys (/dev/input/mouse1)
[  5735.257] (**) Logitech MX Keys: Applying InputClass "devname"
[  5735.257] (**) Logitech MX Keys: Applying InputClass "system-keyboard"
[  5735.257] (II) Using input driver 'libinput' for 'Logitech MX Keys'
[  5735.257] (**) Logitech MX Keys: always reports core events
[  5735.257] (**) Option "Device" "/dev/input/mouse1"
[  5735.257] (EE) xf86OpenSerial: Cannot open device /dev/input/mouse1
	Permission denied.
[  5735.257] (II) mouse1: opening input device '/dev/input/mouse1' failed (Permission denied).
[  5735.257] (II) mouse1  - failed to create input device '/dev/input/mouse1'.
[  5735.257] (EE) libinput: Logitech MX Keys: Failed to create a device for /dev/input/mouse1
[  5735.257] (EE) PreInit returned 2 for "Logitech MX Keys"
[  5735.257] (II) UnloadModule: "libinput"
[  5735.257] (II) config/udev: removing device Logitech MX Master 3
[  5735.257] (**) Option "fd" "34"
[  5735.257] (II) UnloadModule: "libinput"
[  5735.257] (II) systemd-logind: not releasing fd for 13:71, still in use
[  5735.257] (II) config/udev: removing device Logitech MX Master 3
[  5735.257] (**) Option "fd" "34"
[  5735.257] (II) event7  - Logitech MX Master 3: device removed
[  5735.258] (II) UnloadModule: "libinput"
[  5735.258] (II) systemd-logind: releasing fd for 13:71
[  5735.258] (II) config/udev: Adding input device Logitech MX Master 3 (/dev/input/event7)
[  5735.258] (**) Logitech MX Master 3: Applying InputClass "devname"
[  5735.258] (**) Logitech MX Master 3: Applying InputClass "libinput pointer catchall"
[  5735.258] (**) Logitech MX Master 3: Applying InputClass "libinput keyboard catchall"
[  5735.258] (**) Logitech MX Master 3: Applying InputClass "system-keyboard"
[  5735.258] (II) Using input driver 'libinput' for 'Logitech MX Master 3'
[  5735.259] (II) systemd-logind: got fd for /dev/input/event7 13:71 fd 34 paused 0
[  5735.259] (**) Logitech MX Master 3: always reports core events
[  5735.259] (**) Option "Device" "/dev/input/event7"
[  5735.260] (II) event7  - Logitech MX Master 3: is tagged by udev as: Keyboard Mouse
[  5735.260] (II) event7  - Logitech MX Master 3: device is a pointer
[  5735.260] (II) event7  - Logitech MX Master 3: device is a keyboard
[  5735.260] (II) event7  - Logitech MX Master 3: device removed
[  5735.260] (II) libinput: Logitech MX Master 3: Step value 0 was provided, libinput Fallback acceleration function is used.
[  5735.261] (II) libinput: Logitech MX Master 3: Step value 0 was provided, libinput Fallback acceleration function is used.
[  5735.261] (II) libinput: Logitech MX Master 3: Step value 0 was provided, libinput Fallback acceleration function is used.
[  5735.261] (II) libinput: Logitech MX Master 3: needs a virtual subdevice
[  5735.261] (**) Option "config_info" "udev:/sys/devices/pci0000:00/0000:00:1a.0/usb1/1-1/1-1.5/1-1.5:1.2/0003:046D:C52B.0003/0003:046D:4082.0007/input/input20/event7"
[  5735.261] (II) XINPUT: Adding extended input device "Logitech MX Master 3" (type: MOUSE, id 10)
[  5735.261] (**) Option "AccelerationScheme" "none"
[  5735.261] (**) Logitech MX Master 3: (accel) selected scheme none/0
[  5735.261] (**) Logitech MX Master 3: (accel) acceleration factor: 2.000
[  5735.261] (**) Logitech MX Master 3: (accel) acceleration threshold: 4
[  5735.262] (II) event7  - Logitech MX Master 3: is tagged by udev as: Keyboard Mouse
[  5735.262] (II) event7  - Logitech MX Master 3: device is a pointer
[  5735.262] (II) event7  - Logitech MX Master 3: device is a keyboard
[  5735.262] (**) Logitech MX Master 3: Applying InputClass "devname"
[  5735.262] (**) Logitech MX Master 3: Applying InputClass "libinput pointer catchall"
[  5735.262] (**) Logitech MX Master 3: Applying InputClass "libinput keyboard catchall"
[  5735.262] (**) Logitech MX Master 3: Applying InputClass "system-keyboard"
[  5735.262] (II) Using input driver 'libinput' for 'Logitech MX Master 3'
[  5735.263] (II) systemd-logind: returning pre-existing fd for /dev/input/event7 13:71
[  5735.263] (**) Logitech MX Master 3: always reports core events
[  5735.263] (**) Option "Device" "/dev/input/event7"
[  5735.263] (II) libinput: Logitech MX Master 3: is a virtual subdevice
[  5735.263] (II) libinput: Logitech MX Master 3: Step value 0 was provided, libinput Fallback acceleration function is used.
[  5735.263] (II) libinput: Logitech MX Master 3: Step value 0 was provided, libinput Fallback acceleration function is used.
[  5735.263] (II) libinput: Logitech MX Master 3: Step value 0 was provided, libinput Fallback acceleration function is used.
[  5735.263] (**) Option "config_info" "udev:/sys/devices/pci0000:00/0000:00:1a.0/usb1/1-1/1-1.5/1-1.5:1.2/0003:046D:C52B.0003/0003:046D:4082.0007/input/input20/event7"
[  5735.263] (II) XINPUT: Adding extended input device "Logitech MX Master 3" (type: KEYBOARD, id 16)
[  5735.263] (**) Option "xkb_layout" "de"
[  5735.263] (**) Option "xkb_variant" "nodeadkeys"
[  5735.263] (II) config/udev: removing device Logitech MX Keys
[  5735.263] (**) Option "fd" "35"
[  5735.263] (II) UnloadModule: "libinput"
[  5735.263] (II) systemd-logind: not releasing fd for 13:72, still in use
[  5735.263] (II) config/udev: removing device Logitech MX Keys
[  5735.263] (**) Option "fd" "35"
[  5735.263] (II) event8  - Logitech MX Keys: device removed
[  5735.263] (II) UnloadModule: "libinput"
[  5735.263] (II) systemd-logind: releasing fd for 13:72
[  5735.264] (II) config/udev: Adding input device Logitech MX Keys (/dev/input/event8)
[  5735.264] (**) Logitech MX Keys: Applying InputClass "devname"
[  5735.264] (**) Logitech MX Keys: Applying InputClass "libinput keyboard catchall"
[  5735.264] (**) Logitech MX Keys: Applying InputClass "system-keyboard"
[  5735.264] (II) Using input driver 'libinput' for 'Logitech MX Keys'
[  5735.265] (II) systemd-logind: got fd for /dev/input/event8 13:72 fd 35 paused 0
[  5735.265] (**) Logitech MX Keys: always reports core events
[  5735.265] (**) Option "Device" "/dev/input/event8"
[  5735.266] (II) event8  - Logitech MX Keys: is tagged by udev as: Keyboard
[  5735.266] (II) event8  - Logitech MX Keys: device is a keyboard
[  5735.266] (II) event8  - Logitech MX Keys: device removed
[  5735.266] (II) libinput: Logitech MX Keys: Step value 0 was provided, libinput Fallback acceleration function is used.
[  5735.266] (II) libinput: Logitech MX Keys: Step value 0 was provided, libinput Fallback acceleration function is used.
[  5735.266] (II) libinput: Logitech MX Keys: Step value 0 was provided, libinput Fallback acceleration function is used.
[  5735.266] (II) libinput: Logitech MX Keys: needs a virtual subdevice
[  5735.266] (**) Option "config_info" "udev:/sys/devices/pci0000:00/0000:00:1a.0/usb1/1-1/1-1.5/1-1.5:1.2/0003:046D:C52B.0003/0003:046D:408A.0006/input/input21/event8"
[  5735.266] (II) XINPUT: Adding extended input device "Logitech MX Keys" (type: MOUSE, id 11)
[  5735.266] (**) Option "AccelerationScheme" "none"
[  5735.267] (**) Logitech MX Keys: (accel) selected scheme none/0
[  5735.267] (**) Logitech MX Keys: (accel) acceleration factor: 2.000
[  5735.267] (**) Logitech MX Keys: (accel) acceleration threshold: 4
[  5735.268] (II) event8  - Logitech MX Keys: is tagged by udev as: Keyboard
[  5735.268] (II) event8  - Logitech MX Keys: device is a keyboard
[  5735.268] (**) Logitech MX Keys: Applying InputClass "devname"
[  5735.268] (**) Logitech MX Keys: Applying InputClass "libinput keyboard catchall"
[  5735.268] (**) Logitech MX Keys: Applying InputClass "system-keyboard"
[  5735.268] (II) Using input driver 'libinput' for 'Logitech MX Keys'
[  5735.268] (II) systemd-logind: returning pre-existing fd for /dev/input/event8 13:72
[  5735.268] (**) Logitech MX Keys: always reports core events
[  5735.268] (**) Option "Device" "/dev/input/event8"
[  5735.268] (II) libinput: Logitech MX Keys: is a virtual subdevice
[  5735.268] (II) libinput: Logitech MX Keys: Step value 0 was provided, libinput Fallback acceleration function is used.
[  5735.268] (II) libinput: Logitech MX Keys: Step value 0 was provided, libinput Fallback acceleration function is used.
[  5735.268] (II) libinput: Logitech MX Keys: Step value 0 was provided, libinput Fallback acceleration function is used.
[  5735.268] (**) Option "config_info" "udev:/sys/devices/pci0000:00/0000:00:1a.0/usb1/1-1/1-1.5/1-1.5:1.2/0003:046D:C52B.0003/0003:046D:408A.0006/input/input21/event8"
[  5735.268] (II) XINPUT: Adding extended input device "Logitech MX Keys" (type: KEYBOARD, id 17)
[  5735.268] (**) Option "xkb_layout" "de"
[  5735.268] (**) Option "xkb_variant" "nodeadkeys"
[  5735.269] (II) config/udev: Adding input device Logitech MX Master 3 (/dev/input/mouse0)
[  5735.269] (**) Logitech MX Master 3: Applying InputClass "devname"
[  5735.269] (**) Logitech MX Master 3: Applying InputClass "system-keyboard"
[  5735.269] (II) Using input driver 'libinput' for 'Logitech MX Master 3'
[  5735.269] (**) Logitech MX Master 3: always reports core events
[  5735.269] (**) Option "Device" "/dev/input/mouse0"
[  5735.269] (EE) xf86OpenSerial: Cannot open device /dev/input/mouse0
	Permission denied.
[  5735.269] (II) mouse0: opening input device '/dev/input/mouse0' failed (Permission denied).
[  5735.269] (II) mouse0  - failed to create input device '/dev/input/mouse0'.
[  5735.269] (EE) libinput: Logitech MX Master 3: Failed to create a device for /dev/input/mouse0
[  5735.269] (EE) PreInit returned 2 for "Logitech MX Master 3"
[  5735.269] (II) UnloadModule: "libinput"
[  5735.270] (II) config/udev: Adding input device Microsoft X-Box One Elite 2 pad (/dev/input/event9)
[  5735.270] (**) Microsoft X-Box One Elite 2 pad: Applying InputClass "devname"
[  5735.270] (II) Using input driver 'libinput' for 'Microsoft X-Box One Elite 2 pad'
[  5735.271] (II) systemd-logind: got fd for /dev/input/event9 13:73 fd 59 paused 0
[  5735.271] (**) Microsoft X-Box One Elite 2 pad: always reports core events
[  5735.271] (**) Option "Device" "/dev/input/event9"
[  5735.272] (II) event9  - Microsoft X-Box One Elite 2 pad: is tagged by udev as: Joystick
[  5735.272] (II) event9  - Microsoft X-Box One Elite 2 pad: device is a joystick or a gamepad, ignoring
[  5735.272] (II) event9  - not using input device '/dev/input/event9'.
[  5735.272] (EE) libinput: Microsoft X-Box One Elite 2 pad: Failed to create a device for /dev/input/event9
[  5735.272] (EE) PreInit returned 2 for "Microsoft X-Box One Elite 2 pad"
[  5735.272] (II) UnloadModule: "libinput"
[  5735.272] (II) systemd-logind: releasing fd for 13:73
[  5735.272] (II) config/udev: removing device SEM Speedlink Liric Keyboard  System Control
[  5735.272] (**) Option "fd" "38"
[  5735.272] (II) event6  - SEM Speedlink Liric Keyboard  System Control: device removed
[  5735.273] (II) UnloadModule: "libinput"
[  5735.273] (II) systemd-logind: releasing fd for 13:70
[  5735.273] (II) config/udev: Adding input device SEM Speedlink Liric Keyboard  System Control (/dev/input/event6)
[  5735.273] (**) SEM Speedlink Liric Keyboard  System Control: Applying InputClass "devname"
[  5735.273] (**) SEM Speedlink Liric Keyboard  System Control: Applying InputClass "libinput keyboard catchall"
[  5735.273] (**) SEM Speedlink Liric Keyboard  System Control: Applying InputClass "system-keyboard"
[  5735.273] (II) Using input driver 'libinput' for 'SEM Speedlink Liric Keyboard  System Control'
[  5735.274] (II) systemd-logind: got fd for /dev/input/event6 13:70 fd 38 paused 0
[  5735.274] (**) SEM Speedlink Liric Keyboard  System Control: always reports core events
[  5735.274] (**) Option "Device" "/dev/input/event6"
[  5735.275] (II) event6  - SEM Speedlink Liric Keyboard  System Control: is tagged by udev as: Keyboard
[  5735.275] (II) event6  - SEM Speedlink Liric Keyboard  System Control: device is a keyboard
[  5735.276] (II) event6  - SEM Speedlink Liric Keyboard  System Control: device removed
[  5735.276] (**) Option "config_info" "udev:/sys/devices/pci0000:00/0000:00:1a.0/usb1/1-1/1-1.6/1-1.6:1.1/0003:1A2C:504E.0005/input/input14/event6"
[  5735.276] (II) XINPUT: Adding extended input device "SEM Speedlink Liric Keyboard  System Control" (type: KEYBOARD, id 14)
[  5735.276] (**) Option "xkb_layout" "de"
[  5735.276] (**) Option "xkb_variant" "nodeadkeys"
[  5735.278] (II) event6  - SEM Speedlink Liric Keyboard  System Control: is tagged by udev as: Keyboard
[  5735.278] (II) event6  - SEM Speedlink Liric Keyboard  System Control: device is a keyboard
[  5735.278] (II) config/udev: removing device SEM Speedlink Liric Keyboard 
[  5735.278] (**) Option "fd" "36"
[  5735.278] (II) event4  - SEM Speedlink Liric Keyboard : device removed
[  5735.278] (II) UnloadModule: "libinput"
[  5735.278] (II) systemd-logind: releasing fd for 13:68
[  5735.287] (II) config/udev: Adding input device SEM Speedlink Liric Keyboard  (/dev/input/event4)
[  5735.287] (**) SEM Speedlink Liric Keyboard : Applying InputClass "devname"
[  5735.287] (**) SEM Speedlink Liric Keyboard : Applying InputClass "libinput keyboard catchall"
[  5735.287] (**) SEM Speedlink Liric Keyboard : Applying InputClass "system-keyboard"
[  5735.287] (II) Using input driver 'libinput' for 'SEM Speedlink Liric Keyboard '
[  5735.288] (II) systemd-logind: got fd for /dev/input/event4 13:68 fd 36 paused 0
[  5735.288] (**) SEM Speedlink Liric Keyboard : always reports core events
[  5735.288] (**) Option "Device" "/dev/input/event4"
[  5735.289] (II) event4  - SEM Speedlink Liric Keyboard : is tagged by udev as: Keyboard
[  5735.289] (II) event4  - SEM Speedlink Liric Keyboard : device is a keyboard
[  5735.289] (II) event4  - SEM Speedlink Liric Keyboard : device removed
[  5735.289] (**) Option "config_info" "udev:/sys/devices/pci0000:00/0000:00:1a.0/usb1/1-1/1-1.6/1-1.6:1.0/0003:1A2C:504E.0004/input/input12/event4"
[  5735.289] (II) XINPUT: Adding extended input device "SEM Speedlink Liric Keyboard " (type: KEYBOARD, id 12)
[  5735.289] (**) Option "xkb_layout" "de"
[  5735.289] (**) Option "xkb_variant" "nodeadkeys"
[  5735.291] (II) event4  - SEM Speedlink Liric Keyboard : is tagged by udev as: Keyboard
[  5735.291] (II) event4  - SEM Speedlink Liric Keyboard : device is a keyboard
[  5735.292] (II) config/udev: removing device SEM Speedlink Liric Keyboard  Consumer Control
[  5735.292] (**) Option "fd" "37"
[  5735.292] (II) UnloadModule: "libinput"
[  5735.292] (II) systemd-logind: not releasing fd for 13:69, still in use
[  5735.292] (II) config/udev: removing device SEM Speedlink Liric Keyboard  Consumer Control
[  5735.292] (**) Option "fd" "37"
[  5735.292] (II) event5  - SEM Speedlink Liric Keyboard  Consumer Control: device removed
[  5735.292] (II) UnloadModule: "libinput"
[  5735.292] (II) systemd-logind: releasing fd for 13:69
[  5735.293] (II) config/udev: Adding input device SEM Speedlink Liric Keyboard  Consumer Control (/dev/input/event5)
[  5735.293] (**) SEM Speedlink Liric Keyboard  Consumer Control: Applying InputClass "devname"
[  5735.293] (**) SEM Speedlink Liric Keyboard  Consumer Control: Applying InputClass "libinput keyboard catchall"
[  5735.293] (**) SEM Speedlink Liric Keyboard  Consumer Control: Applying InputClass "system-keyboard"
[  5735.293] (II) Using input driver 'libinput' for 'SEM Speedlink Liric Keyboard  Consumer Control'
[  5735.294] (II) systemd-logind: got fd for /dev/input/event5 13:69 fd 37 paused 0
[  5735.294] (**) SEM Speedlink Liric Keyboard  Consumer Control: always reports core events
[  5735.294] (**) Option "Device" "/dev/input/event5"
[  5735.295] (II) event5  - SEM Speedlink Liric Keyboard  Consumer Control: is tagged by udev as: Keyboard
[  5735.295] (II) event5  - SEM Speedlink Liric Keyboard  Consumer Control: device is a keyboard
[  5735.295] (II) event5  - SEM Speedlink Liric Keyboard  Consumer Control: device removed
[  5735.295] (II) libinput: SEM Speedlink Liric Keyboard  Consumer Control: needs a virtual subdevice
[  5735.295] (**) Option "config_info" "udev:/sys/devices/pci0000:00/0000:00:1a.0/usb1/1-1/1-1.6/1-1.6:1.1/0003:1A2C:504E.0005/input/input13/event5"
[  5735.295] (II) XINPUT: Adding extended input device "SEM Speedlink Liric Keyboard  Consumer Control" (type: MOUSE, id 13)
[  5735.295] (**) Option "AccelerationScheme" "none"
[  5735.295] (**) SEM Speedlink Liric Keyboard  Consumer Control: (accel) selected scheme none/0
[  5735.295] (**) SEM Speedlink Liric Keyboard  Consumer Control: (accel) acceleration factor: 2.000
[  5735.295] (**) SEM Speedlink Liric Keyboard  Consumer Control: (accel) acceleration threshold: 4
[  5735.296] (II) event5  - SEM Speedlink Liric Keyboard  Consumer Control: is tagged by udev as: Keyboard
[  5735.297] (II) event5  - SEM Speedlink Liric Keyboard  Consumer Control: device is a keyboard
[  5735.297] (**) SEM Speedlink Liric Keyboard  Consumer Control: Applying InputClass "devname"
[  5735.297] (**) SEM Speedlink Liric Keyboard  Consumer Control: Applying InputClass "libinput keyboard catchall"
[  5735.297] (**) SEM Speedlink Liric Keyboard  Consumer Control: Applying InputClass "system-keyboard"
[  5735.297] (II) Using input driver 'libinput' for 'SEM Speedlink Liric Keyboard  Consumer Control'
[  5735.297] (II) systemd-logind: returning pre-existing fd for /dev/input/event5 13:69
[  5735.297] (**) SEM Speedlink Liric Keyboard  Consumer Control: always reports core events
[  5735.297] (**) Option "Device" "/dev/input/event5"
[  5735.297] (II) libinput: SEM Speedlink Liric Keyboard  Consumer Control: is a virtual subdevice
[  5735.297] (**) Option "config_info" "udev:/sys/devices/pci0000:00/0000:00:1a.0/usb1/1-1/1-1.6/1-1.6:1.1/0003:1A2C:504E.0005/input/input13/event5"
[  5735.297] (II) XINPUT: Adding extended input device "SEM Speedlink Liric Keyboard  Consumer Control" (type: KEYBOARD, id 18)
[  5735.297] (**) Option "xkb_layout" "de"
[  5735.297] (**) Option "xkb_variant" "nodeadkeys"
[  5735.298] (II) config/udev: Adding input device PC Speaker (/dev/input/event10)
[  5735.298] (**) PC Speaker: Applying InputClass "devname"
[  5735.298] (II) Using input driver 'libinput' for 'PC Speaker'
[  5735.298] (II) systemd-logind: got fd for /dev/input/event10 13:74 fd 66 paused 0
[  5735.298] (**) PC Speaker: always reports core events
[  5735.298] (**) Option "Device" "/dev/input/event10"
[  5735.299] (II) event10 - PC Speaker: not tagged as supported input device
[  5735.299] (II) event10 - not using input device '/dev/input/event10'.
[  5735.299] (EE) libinput: PC Speaker: Failed to create a device for /dev/input/event10
[  5735.299] (EE) PreInit returned 2 for "PC Speaker"
[  5735.299] (II) UnloadModule: "libinput"
[  5735.299] (II) systemd-logind: releasing fd for 13:74
[  5735.300] (II) config/udev: removing device HP WMI hotkeys
[  5735.300] (**) Option "fd" "39"
[  5735.300] (II) event11 - HP WMI hotkeys: device removed
[  5735.300] (II) UnloadModule: "libinput"
[  5735.300] (II) systemd-logind: releasing fd for 13:75
[  5735.301] (II) config/udev: Adding input device HP WMI hotkeys (/dev/input/event11)
[  5735.301] (**) HP WMI hotkeys: Applying InputClass "devname"
[  5735.301] (**) HP WMI hotkeys: Applying InputClass "libinput keyboard catchall"
[  5735.301] (**) HP WMI hotkeys: Applying InputClass "system-keyboard"
[  5735.301] (II) Using input driver 'libinput' for 'HP WMI hotkeys'
[  5735.301] (II) systemd-logind: got fd for /dev/input/event11 13:75 fd 39 paused 0
[  5735.301] (**) HP WMI hotkeys: always reports core events
[  5735.301] (**) Option "Device" "/dev/input/event11"
[  5735.302] (II) event11 - HP WMI hotkeys: is tagged by udev as: Keyboard Switch
[  5735.302] (II) event11 - HP WMI hotkeys: device is a keyboard
[  5735.302] (II) event11 - HP WMI hotkeys: device removed
[  5735.302] (**) Option "config_info" "udev:/sys/devices/virtual/input/input24/event11"
[  5735.302] (II) XINPUT: Adding extended input device "HP WMI hotkeys" (type: KEYBOARD, id 15)
[  5735.302] (**) Option "xkb_layout" "de"
[  5735.302] (**) Option "xkb_variant" "nodeadkeys"
[  5735.303] (II) event11 - HP WMI hotkeys: is tagged by udev as: Keyboard Switch
[  5735.303] (II) event11 - HP WMI hotkeys: device is a keyboard
[  6686.982] (EE) event7  - Logitech MX Master 3: client bug: event processing lagging behind by 22ms, your system is too slow
[  6769.545] (EE) event7  - Logitech MX Master 3: client bug: event processing lagging behind by 23ms, your system is too slow
[  6793.789] (EE) event7  - Logitech MX Master 3: client bug: event processing lagging behind by 21ms, your system is too slow
[  6795.706] (EE) event7  - Logitech MX Master 3: client bug: event processing lagging behind by 37ms, your system is too slow
[  6874.087] (EE) event7  - Logitech MX Master 3: client bug: event processing lagging behind by 21ms, your system is too slow
[  6874.087] (EE) event7  - Logitech MX Master 3: WARNING: log rate limit exceeded (5 msgs per 60min). Discarding future messages.
